14:34:16 **** Clean-only build of configuration Debug for project blinky ****
make -r clean 
rm -rf  ./startup/cr_startup_lpc11.o  ./src/blinky_main.o  ./driver/adc.o ./driver/can.o ./driver/clkconfig.o ./driver/crp.o ./driver/debug_printf.o ./driver/gpio.o ./driver/i2c.o ./driver/i2cslave.o ./driver/lpc_swu.o ./driver/rs485.o ./driver/small_gpio.o ./driver/ssp.o ./driver/timer16.o ./driver/timer32.o ./driver/uart.o ./driver/wdt.o  ./cmsis/core_cm0.o ./cmsis/system_LPC11xx.o  ./startup/cr_startup_lpc11.d  ./src/blinky_main.d  ./driver/adc.d ./driver/can.d ./driver/clkconfig.d ./driver/crp.d ./driver/debug_printf.d ./driver/gpio.d ./driver/i2c.d ./driver/i2cslave.d ./driver/lpc_swu.d ./driver/rs485.d ./driver/small_gpio.d ./driver/ssp.d ./driver/timer16.d ./driver/timer32.d ./driver/uart.d ./driver/wdt.d  ./cmsis/core_cm0.d ./cmsis/system_LPC11xx.d  blinky.axf
 
14:34:16 **** Build of configuration Debug for project blinky ****
make -r all 
Building file: ../startup/cr_startup_lpc11.c
Invoking: MCU C Compiler
arm-none-eabi-gcc -D__REDLIB__ -D__USE_CMSIS -DDEBUG -D__CODE_RED -I../cmsis -I../config -I../driver -O0 -g3 -Wall -c -fmessage-length=0 -fno-builtin -ffunction-sections -fdata-sections -mcpu=cortex-m0 -mthumb -D__REDLIB__ -specs=redlib.specs -MMD -MP -MF"startup/cr_startup_lpc11.d" -MT"startup/cr_startup_lpc11.o" -MT"startup/cr_startup_lpc11.d" -o "startup/cr_startup_lpc11.o" "../startup/cr_startup_lpc11.c"
Finished building: ../startup/cr_startup_lpc11.c
 
Building file: ../src/blinky_main.c
Invoking: MCU C Compiler
arm-none-eabi-gcc -D__REDLIB__ -D__USE_CMSIS -DDEBUG -D__CODE_RED -I../cmsis -I../config -I../driver -O0 -g3 -Wall -c -fmessage-length=0 -fno-builtin -ffunction-sections -fdata-sections -mcpu=cortex-m0 -mthumb -D__REDLIB__ -specs=redlib.specs -MMD -MP -MF"src/blinky_main.d" -MT"src/blinky_main.o" -MT"src/blinky_main.d" -o "src/blinky_main.o" "../src/blinky_main.c"
Finished building: ../src/blinky_main.c
 
Building file: ../driver/adc.c
Invoking: MCU C Compiler
arm-none-eabi-gcc -D__REDLIB__ -D__USE_CMSIS -DDEBUG -D__CODE_RED -I../cmsis -I../config -I../driver -O0 -g3 -Wall -c -fmessage-length=0 -fno-builtin -ffunction-sections -fdata-sections -mcpu=cortex-m0 -mthumb -D__REDLIB__ -specs=redlib.specs -MMD -MP -MF"driver/adc.d" -MT"driver/adc.o" -MT"driver/adc.d" -o "driver/adc.o" "../driver/adc.c"
Finished building: ../driver/adc.c
 
Building file: ../driver/can.c
Invoking: MCU C Compiler
arm-none-eabi-gcc -D__REDLIB__ -D__USE_CMSIS -DDEBUG -D__CODE_RED -I../cmsis -I../config -I../driver -O0 -g3 -Wall -c -fmessage-length=0 -fno-builtin -ffunction-sections -fdata-sections -mcpu=cortex-m0 -mthumb -D__REDLIB__ -specs=redlib.specs -MMD -MP -MF"driver/can.d" -MT"driver/can.o" -MT"driver/can.d" -o "driver/can.o" "../driver/can.c"
Finished building: ../driver/can.c
 
Building file: ../driver/clkconfig.c
Invoking: MCU C Compiler
arm-none-eabi-gcc -D__REDLIB__ -D__USE_CMSIS -DDEBUG -D__CODE_RED -I../cmsis -I../config -I../driver -O0 -g3 -Wall -c -fmessage-length=0 -fno-builtin -ffunction-sections -fdata-sections -mcpu=cortex-m0 -mthumb -D__REDLIB__ -specs=redlib.specs -MMD -MP -MF"driver/clkconfig.d" -MT"driver/clkconfig.o" -MT"driver/clkconfig.d" -o "driver/clkconfig.o" "../driver/clkconfig.c"
Finished building: ../driver/clkconfig.c
 
Building file: ../driver/crp.c
Invoking: MCU C Compiler
arm-none-eabi-gcc -D__REDLIB__ -D__USE_CMSIS -DDEBUG -D__CODE_RED -I../cmsis -I../config -I../driver -O0 -g3 -Wall -c -fmessage-length=0 -fno-builtin -ffunction-sections -fdata-sections -mcpu=cortex-m0 -mthumb -D__REDLIB__ -specs=redlib.specs -MMD -MP -MF"driver/crp.d" -MT"driver/crp.o" -MT"driver/crp.d" -o "driver/crp.o" "../driver/crp.c"
Finished building: ../driver/crp.c
 
Building file: ../driver/debug_printf.c
Invoking: MCU C Compiler
arm-none-eabi-gcc -D__REDLIB__ -D__USE_CMSIS -DDEBUG -D__CODE_RED -I../cmsis -I../config -I../driver -O0 -g3 -Wall -c -fmessage-length=0 -fno-builtin -ffunction-sections -fdata-sections -mcpu=cortex-m0 -mthumb -D__REDLIB__ -specs=redlib.specs -MMD -MP -MF"driver/debug_printf.d" -MT"driver/debug_printf.o" -MT"driver/debug_printf.d" -o "driver/debug_printf.o" "../driver/debug_printf.c"
Finished building: ../driver/debug_printf.c
 
Building file: ../driver/gpio.c
Invoking: MCU C Compiler
arm-none-eabi-gcc -D__REDLIB__ -D__USE_CMSIS -DDEBUG -D__CODE_RED -I../cmsis -I../config -I../driver -O0 -g3 -Wall -c -fmessage-length=0 -fno-builtin -ffunction-sections -fdata-sections -mcpu=cortex-m0 -mthumb -D__REDLIB__ -specs=redlib.specs -MMD -MP -MF"driver/gpio.d" -MT"driver/gpio.o" -MT"driver/gpio.d" -o "driver/gpio.o" "../driver/gpio.c"
Finished building: ../driver/gpio.c
 
Building file: ../driver/i2c.c
Invoking: MCU C Compiler
arm-none-eabi-gcc -D__REDLIB__ -D__USE_CMSIS -DDEBUG -D__CODE_RED -I../cmsis -I../config -I../driver -O0 -g3 -Wall -c -fmessage-length=0 -fno-builtin -ffunction-sections -fdata-sections -mcpu=cortex-m0 -mthumb -D__REDLIB__ -specs=redlib.specs -MMD -MP -MF"driver/i2c.d" -MT"driver/i2c.o" -MT"driver/i2c.d" -o "driver/i2c.o" "../driver/i2c.c"
Finished building: ../driver/i2c.c
 
Building file: ../driver/i2cslave.c
Invoking: MCU C Compiler
arm-none-eabi-gcc -D__REDLIB__ -D__USE_CMSIS -DDEBUG -D__CODE_RED -I../cmsis -I../config -I../driver -O0 -g3 -Wall -c -fmessage-length=0 -fno-builtin -ffunction-sections -fdata-sections -mcpu=cortex-m0 -mthumb -D__REDLIB__ -specs=redlib.specs -MMD -MP -MF"driver/i2cslave.d" -MT"driver/i2cslave.o" -MT"driver/i2cslave.d" -o "driver/i2cslave.o" "../driver/i2cslave.c"
Finished building: ../driver/i2cslave.c
 
Building file: ../driver/lpc_swu.c
Invoking: MCU C Compiler
arm-none-eabi-gcc -D__REDLIB__ -D__USE_CMSIS -DDEBUG -D__CODE_RED -I../cmsis -I../config -I../driver -O0 -g3 -Wall -c -fmessage-length=0 -fno-builtin -ffunction-sections -fdata-sections -mcpu=cortex-m0 -mthumb -D__REDLIB__ -specs=redlib.specs -MMD -MP -MF"driver/lpc_swu.d" -MT"driver/lpc_swu.o" -MT"driver/lpc_swu.d" -o "driver/lpc_swu.o" "../driver/lpc_swu.c"
Finished building: ../driver/lpc_swu.c
 
Building file: ../driver/rs485.c
Invoking: MCU C Compiler
arm-none-eabi-gcc -D__REDLIB__ -D__USE_CMSIS -DDEBUG -D__CODE_RED -I../cmsis -I../config -I../driver -O0 -g3 -Wall -c -fmessage-length=0 -fno-builtin -ffunction-sections -fdata-sections -mcpu=cortex-m0 -mthumb -D__REDLIB__ -specs=redlib.specs -MMD -MP -MF"driver/rs485.d" -MT"driver/rs485.o" -MT"driver/rs485.d" -o "driver/rs485.o" "../driver/rs485.c"
Finished building: ../driver/rs485.c
 
Building file: ../driver/small_gpio.c
Invoking: MCU C Compiler
arm-none-eabi-gcc -D__REDLIB__ -D__USE_CMSIS -DDEBUG -D__CODE_RED -I../cmsis -I../config -I../driver -O0 -g3 -Wall -c -fmessage-length=0 -fno-builtin -ffunction-sections -fdata-sections -mcpu=cortex-m0 -mthumb -D__REDLIB__ -specs=redlib.specs -MMD -MP -MF"driver/small_gpio.d" -MT"driver/small_gpio.o" -MT"driver/small_gpio.d" -o "driver/small_gpio.o" "../driver/small_gpio.c"
Finished building: ../driver/small_gpio.c
 
Building file: ../driver/ssp.c
Invoking: MCU C Compiler
arm-none-eabi-gcc -D__REDLIB__ -D__USE_CMSIS -DDEBUG -D__CODE_RED -I../cmsis -I../config -I../driver -O0 -g3 -Wall -c -fmessage-length=0 -fno-builtin -ffunction-sections -fdata-sections -mcpu=cortex-m0 -mthumb -D__REDLIB__ -specs=redlib.specs -MMD -MP -MF"driver/ssp.d" -MT"driver/ssp.o" -MT"driver/ssp.d" -o "driver/ssp.o" "../driver/ssp.c"
Finished building: ../driver/ssp.c
 
Building file: ../driver/timer16.c
Invoking: MCU C Compiler
arm-none-eabi-gcc -D__REDLIB__ -D__USE_CMSIS -DDEBUG -D__CODE_RED -I../cmsis -I../config -I../driver -O0 -g3 -Wall -c -fmessage-length=0 -fno-builtin -ffunction-sections -fdata-sections -mcpu=cortex-m0 -mthumb -D__REDLIB__ -specs=redlib.specs -MMD -MP -MF"driver/timer16.d" -MT"driver/timer16.o" -MT"driver/timer16.d" -o "driver/timer16.o" "../driver/timer16.c"
Finished building: ../driver/timer16.c
 
Building file: ../driver/timer32.c
Invoking: MCU C Compiler
arm-none-eabi-gcc -D__REDLIB__ -D__USE_CMSIS -DDEBUG -D__CODE_RED -I../cmsis -I../config -I../driver -O0 -g3 -Wall -c -fmessage-length=0 -fno-builtin -ffunction-sections -fdata-sections -mcpu=cortex-m0 -mthumb -D__REDLIB__ -specs=redlib.specs -MMD -MP -MF"driver/timer32.d" -MT"driver/timer32.o" -MT"driver/timer32.d" -o "driver/timer32.o" "../driver/timer32.c"
Finished building: ../driver/timer32.c
 
Building file: ../driver/uart.c
Invoking: MCU C Compiler
arm-none-eabi-gcc -D__REDLIB__ -D__USE_CMSIS -DDEBUG -D__CODE_RED -I../cmsis -I../config -I../driver -O0 -g3 -Wall -c -fmessage-length=0 -fno-builtin -ffunction-sections -fdata-sections -mcpu=cortex-m0 -mthumb -D__REDLIB__ -specs=redlib.specs -MMD -MP -MF"driver/uart.d" -MT"driver/uart.o" -MT"driver/uart.d" -o "driver/uart.o" "../driver/uart.c"
Finished building: ../driver/uart.c
 
Building file: ../driver/wdt.c
Invoking: MCU C Compiler
arm-none-eabi-gcc -D__REDLIB__ -D__USE_CMSIS -DDEBUG -D__CODE_RED -I../cmsis -I../config -I../driver -O0 -g3 -Wall -c -fmessage-length=0 -fno-builtin -ffunction-sections -fdata-sections -mcpu=cortex-m0 -mthumb -D__REDLIB__ -specs=redlib.specs -MMD -MP -MF"driver/wdt.d" -MT"driver/wdt.o" -MT"driver/wdt.d" -o "driver/wdt.o" "../driver/wdt.c"
Finished building: ../driver/wdt.c
 
Building file: ../cmsis/core_cm0.c
Invoking: MCU C Compiler
arm-none-eabi-gcc -D__REDLIB__ -D__USE_CMSIS -DDEBUG -D__CODE_RED -I../cmsis -I../config -I../driver -O0 -Os -g3 -Wall -c -fmessage-length=0 -fno-builtin -ffunction-sections -fdata-sections -mcpu=cortex-m0 -mthumb -D__REDLIB__ -specs=redlib.specs -MMD -MP -MF"cmsis/core_cm0.d" -MT"cmsis/core_cm0.d" -o "cmsis/core_cm0.o" "../cmsis/core_cm0.c"
Finished building: ../cmsis/core_cm0.c
 
Building file: ../cmsis/system_LPC11xx.c
Invoking: MCU C Compiler
arm-none-eabi-gcc -D__REDLIB__ -D__USE_CMSIS -DDEBUG -D__CODE_RED -I../cmsis -I../config -I../driver -O0 -Os -g3 -Wall -c -fmessage-length=0 -fno-builtin -ffunction-sections -fdata-sections -mcpu=cortex-m0 -mthumb -D__REDLIB__ -specs=redlib.specs -MMD -MP -MF"cmsis/system_LPC11xx.d" -MT"cmsis/system_LPC11xx.d" -o "cmsis/system_LPC11xx.o" "../cmsis/system_LPC11xx.c"
Finished building: ../cmsis/system_LPC11xx.c
 
Building target: blinky.axf
Invoking: MCU Linker
arm-none-eabi-gcc -nostdlib -Xlinker -Map=blinky.map -Xlinker --gc-sections -mcpu=cortex-m0 -mthumb -T "../linker/lpc1114_flash_crp.ld" -o "blinky.axf"  ./startup/cr_startup_lpc11.o  ./src/blinky_main.o  ./driver/adc.o ./driver/can.o ./driver/clkconfig.o ./driver/crp.o ./driver/debug_printf.o ./driver/gpio.o ./driver/i2c.o ./driver/i2cslave.o ./driver/lpc_swu.o ./driver/rs485.o ./driver/small_gpio.o ./driver/ssp.o ./driver/timer16.o ./driver/timer32.o ./driver/uart.o ./driver/wdt.o  ./cmsis/core_cm0.o ./cmsis/system_LPC11xx.o   
Finished building target: blinky.axf
 
make --no-print-directory post-build
Performing post-build steps
arm-none-eabi-size blinky.axf; arm-none-eabi-objcopy -O binary blinky.axf blinky.bin ; checksum -p LPC1115_303 -d blinky.bin;
   text	   data	    bss	    dec	    hex	filename
   2136	      4	      8	   2148	    864	blinky.axf
Written checksum 0xefffd635 at offset 0x1c in file blinky.bin
Previous value 0x00000000 at offset 0x1c in file blinky.bin
 
14:34:25 **** Incremental Build of configuration Debug for project blinky ****
make -r all 
make: Nothing to be done for `all'.
14:44:08 **** Incremental Build of configuration Debug for project blinky ****
make -r all 
Building file: ../src/blinky_main.c
Invoking: MCU C Compiler
arm-none-eabi-gcc -D__REDLIB__ -D__USE_CMSIS -DDEBUG -D__CODE_RED -I../cmsis -I../config -I../driver -O0 -g3 -Wall -c -fmessage-length=0 -fno-builtin -ffunction-sections -fdata-sections -mcpu=cortex-m0 -mthumb -D__REDLIB__ -specs=redlib.specs -MMD -MP -MF"src/blinky_main.d" -MT"src/blinky_main.o" -MT"src/blinky_main.d" -o "src/blinky_main.o" "../src/blinky_main.c"
Finished building: ../src/blinky_main.c
 
Building target: blinky.axf
Invoking: MCU Linker
arm-none-eabi-gcc -nostdlib -Xlinker -Map=blinky.map -Xlinker --gc-sections -mcpu=cortex-m0 -mthumb -T "../linker/lpc1114_flash_crp.ld" -o "blinky.axf"  ./startup/cr_startup_lpc11.o  ./src/blinky_main.o  ./driver/adc.o ./driver/can.o ./driver/clkconfig.o ./driver/crp.o ./driver/debug_printf.o ./driver/gpio.o ./driver/i2c.o ./driver/i2cslave.o ./driver/lpc_swu.o ./driver/rs485.o ./driver/small_gpio.o ./driver/ssp.o ./driver/timer16.o ./driver/timer32.o ./driver/uart.o ./driver/wdt.o  ./cmsis/core_cm0.o ./cmsis/system_LPC11xx.o   
Finished building target: blinky.axf
 
make --no-print-directory post-build
Performing post-build steps
arm-none-eabi-size blinky.axf; arm-none-eabi-objcopy -O binary blinky.axf blinky.bin ; checksum -p LPC1115_303 -d blinky.bin;
   text	   data	    bss	    dec	    hex	filename
   2136	      4	      8	   2148	    864	blinky.axf
Written checksum 0xefffd635 at offset 0x1c in file blinky.bin
Previous value 0x00000000 at offset 0x1c in file blinky.bin
 
14:44:10 **** Incremental Build of configuration Debug for project blinky ****
make -r all 
make: Nothing to be done for `all'.
14:44:55 **** Incremental Build of configuration Debug for project blinky ****
make -r all 
make: Nothing to be done for `all'.
14:44:57 **** Incremental Build of configuration Debug for project blinky ****
make -r all 
make: Nothing to be done for `all'.
14:45:25 **** Incremental Build of configuration Debug for project blinky ****
make -r all 
make: Nothing to be done for `all'.
14:45:27 **** Incremental Build of configuration Debug for project blinky ****
make -r all 
make: Nothing to be done for `all'.
14:46:33 **** Incremental Build of configuration Debug for project blinky ****
make -r all 
Building file: ../src/blinky_main.c
Invoking: MCU C Compiler
arm-none-eabi-gcc -D__REDLIB__ -D__USE_CMSIS -DDEBUG -D__CODE_RED -I../cmsis -I../config -I../driver -O0 -g3 -Wall -c -fmessage-length=0 -fno-builtin -ffunction-sections -fdata-sections -mcpu=cortex-m0 -mthumb -D__REDLIB__ -specs=redlib.specs -MMD -MP -MF"src/blinky_main.d" -MT"src/blinky_main.o" -MT"src/blinky_main.d" -o "src/blinky_main.o" "../src/blinky_main.c"
Finished building: ../src/blinky_main.c
 
Building target: blinky.axf
Invoking: MCU Linker
arm-none-eabi-gcc -nostdlib -Xlinker -Map=blinky.map -Xlinker --gc-sections -mcpu=cortex-m0 -mthumb -T "../linker/lpc1114_flash_crp.ld" -o "blinky.axf"  ./startup/cr_startup_lpc11.o  ./src/blinky_main.o  ./driver/adc.o ./driver/can.o ./driver/clkconfig.o ./driver/crp.o ./driver/debug_printf.o ./driver/gpio.o ./driver/i2c.o ./driver/i2cslave.o ./driver/lpc_swu.o ./driver/rs485.o ./driver/small_gpio.o ./driver/ssp.o ./driver/timer16.o ./driver/timer32.o ./driver/uart.o ./driver/wdt.o  ./cmsis/core_cm0.o ./cmsis/system_LPC11xx.o   
Finished building target: blinky.axf
 
make --no-print-directory post-build
Performing post-build steps
arm-none-eabi-size blinky.axf; arm-none-eabi-objcopy -O binary blinky.axf blinky.bin ; checksum -p LPC1115_303 -d blinky.bin;
   text	   data	    bss	    dec	    hex	filename
   2136	      4	      8	   2148	    864	blinky.axf
Written checksum 0xefffd635 at offset 0x1c in file blinky.bin
Previous value 0x00000000 at offset 0x1c in file blinky.bin
 
14:46:36 **** Incremental Build of configuration Debug for project blinky ****
make -r all 
make: Nothing to be done for `all'.
12:33:37 **** Clean-only build of configuration Debug for project blinky ****
make -r clean 
rm -rf  ./startup/cr_startup_lpc11.o  ./src/blinky_main.o  ./driver/adc.o ./driver/can.o ./driver/clkconfig.o ./driver/crp.o ./driver/debug_printf.o ./driver/gpio.o ./driver/i2c.o ./driver/i2cslave.o ./driver/lpc_swu.o ./driver/rs485.o ./driver/small_gpio.o ./driver/ssp.o ./driver/timer16.o ./driver/timer32.o ./driver/uart.o ./driver/wdt.o  ./cmsis/core_cm0.o ./cmsis/system_LPC11xx.o  ./startup/cr_startup_lpc11.d  ./src/blinky_main.d  ./driver/adc.d ./driver/can.d ./driver/clkconfig.d ./driver/crp.d ./driver/debug_printf.d ./driver/gpio.d ./driver/i2c.d ./driver/i2cslave.d ./driver/lpc_swu.d ./driver/rs485.d ./driver/small_gpio.d ./driver/ssp.d ./driver/timer16.d ./driver/timer32.d ./driver/uart.d ./driver/wdt.d  ./cmsis/core_cm0.d ./cmsis/system_LPC11xx.d  blinky.axf
 
12:33:38 **** Incremental Build of configuration Debug for project blinky ****
make -r all 
Building file: ../startup/cr_startup_lpc11.c
Invoking: MCU C Compiler
arm-none-eabi-gcc -D__REDLIB__ -D__USE_CMSIS -DDEBUG -D__CODE_RED -I../cmsis -I../config -I../driver -O0 -g3 -Wall -c -fmessage-length=0 -fno-builtin -ffunction-sections -fdata-sections -mcpu=cortex-m0 -mthumb -D__REDLIB__ -specs=redlib.specs -MMD -MP -MF"startup/cr_startup_lpc11.d" -MT"startup/cr_startup_lpc11.o" -MT"startup/cr_startup_lpc11.d" -o "startup/cr_startup_lpc11.o" "../startup/cr_startup_lpc11.c"
Finished building: ../startup/cr_startup_lpc11.c
 
Building file: ../src/blinky_main.c
Invoking: MCU C Compiler
arm-none-eabi-gcc -D__REDLIB__ -D__USE_CMSIS -DDEBUG -D__CODE_RED -I../cmsis -I../config -I../driver -O0 -g3 -Wall -c -fmessage-length=0 -fno-builtin -ffunction-sections -fdata-sections -mcpu=cortex-m0 -mthumb -D__REDLIB__ -specs=redlib.specs -MMD -MP -MF"src/blinky_main.d" -MT"src/blinky_main.o" -MT"src/blinky_main.d" -o "src/blinky_main.o" "../src/blinky_main.c"
Finished building: ../src/blinky_main.c
 
Building file: ../driver/adc.c
Invoking: MCU C Compiler
arm-none-eabi-gcc -D__REDLIB__ -D__USE_CMSIS -DDEBUG -D__CODE_RED -I../cmsis -I../config -I../driver -O0 -g3 -Wall -c -fmessage-length=0 -fno-builtin -ffunction-sections -fdata-sections -mcpu=cortex-m0 -mthumb -D__REDLIB__ -specs=redlib.specs -MMD -MP -MF"driver/adc.d" -MT"driver/adc.o" -MT"driver/adc.d" -o "driver/adc.o" "../driver/adc.c"
Finished building: ../driver/adc.c
 
Building file: ../driver/can.c
Invoking: MCU C Compiler
arm-none-eabi-gcc -D__REDLIB__ -D__USE_CMSIS -DDEBUG -D__CODE_RED -I../cmsis -I../config -I../driver -O0 -g3 -Wall -c -fmessage-length=0 -fno-builtin -ffunction-sections -fdata-sections -mcpu=cortex-m0 -mthumb -D__REDLIB__ -specs=redlib.specs -MMD -MP -MF"driver/can.d" -MT"driver/can.o" -MT"driver/can.d" -o "driver/can.o" "../driver/can.c"
Finished building: ../driver/can.c
 
Building file: ../driver/clkconfig.c
Invoking: MCU C Compiler
arm-none-eabi-gcc -D__REDLIB__ -D__USE_CMSIS -DDEBUG -D__CODE_RED -I../cmsis -I../config -I../driver -O0 -g3 -Wall -c -fmessage-length=0 -fno-builtin -ffunction-sections -fdata-sections -mcpu=cortex-m0 -mthumb -D__REDLIB__ -specs=redlib.specs -MMD -MP -MF"driver/clkconfig.d" -MT"driver/clkconfig.o" -MT"driver/clkconfig.d" -o "driver/clkconfig.o" "../driver/clkconfig.c"
Finished building: ../driver/clkconfig.c
 
Building file: ../driver/crp.c
Invoking: MCU C Compiler
arm-none-eabi-gcc -D__REDLIB__ -D__USE_CMSIS -DDEBUG -D__CODE_RED -I../cmsis -I../config -I../driver -O0 -g3 -Wall -c -fmessage-length=0 -fno-builtin -ffunction-sections -fdata-sections -mcpu=cortex-m0 -mthumb -D__REDLIB__ -specs=redlib.specs -MMD -MP -MF"driver/crp.d" -MT"driver/crp.o" -MT"driver/crp.d" -o "driver/crp.o" "../driver/crp.c"
Finished building: ../driver/crp.c
 
Building file: ../driver/debug_printf.c
Invoking: MCU C Compiler
arm-none-eabi-gcc -D__REDLIB__ -D__USE_CMSIS -DDEBUG -D__CODE_RED -I../cmsis -I../config -I../driver -O0 -g3 -Wall -c -fmessage-length=0 -fno-builtin -ffunction-sections -fdata-sections -mcpu=cortex-m0 -mthumb -D__REDLIB__ -specs=redlib.specs -MMD -MP -MF"driver/debug_printf.d" -MT"driver/debug_printf.o" -MT"driver/debug_printf.d" -o "driver/debug_printf.o" "../driver/debug_printf.c"
Finished building: ../driver/debug_printf.c
 
Building file: ../driver/gpio.c
Invoking: MCU C Compiler
arm-none-eabi-gcc -D__REDLIB__ -D__USE_CMSIS -DDEBUG -D__CODE_RED -I../cmsis -I../config -I../driver -O0 -g3 -Wall -c -fmessage-length=0 -fno-builtin -ffunction-sections -fdata-sections -mcpu=cortex-m0 -mthumb -D__REDLIB__ -specs=redlib.specs -MMD -MP -MF"driver/gpio.d" -MT"driver/gpio.o" -MT"driver/gpio.d" -o "driver/gpio.o" "../driver/gpio.c"
Finished building: ../driver/gpio.c
 
Building file: ../driver/i2c.c
Invoking: MCU C Compiler
arm-none-eabi-gcc -D__REDLIB__ -D__USE_CMSIS -DDEBUG -D__CODE_RED -I../cmsis -I../config -I../driver -O0 -g3 -Wall -c -fmessage-length=0 -fno-builtin -ffunction-sections -fdata-sections -mcpu=cortex-m0 -mthumb -D__REDLIB__ -specs=redlib.specs -MMD -MP -MF"driver/i2c.d" -MT"driver/i2c.o" -MT"driver/i2c.d" -o "driver/i2c.o" "../driver/i2c.c"
Finished building: ../driver/i2c.c
 
Building file: ../driver/i2cslave.c
Invoking: MCU C Compiler
arm-none-eabi-gcc -D__REDLIB__ -D__USE_CMSIS -DDEBUG -D__CODE_RED -I../cmsis -I../config -I../driver -O0 -g3 -Wall -c -fmessage-length=0 -fno-builtin -ffunction-sections -fdata-sections -mcpu=cortex-m0 -mthumb -D__REDLIB__ -specs=redlib.specs -MMD -MP -MF"driver/i2cslave.d" -MT"driver/i2cslave.o" -MT"driver/i2cslave.d" -o "driver/i2cslave.o" "../driver/i2cslave.c"
Finished building: ../driver/i2cslave.c
 
Building file: ../driver/lpc_swu.c
Invoking: MCU C Compiler
arm-none-eabi-gcc -D__REDLIB__ -D__USE_CMSIS -DDEBUG -D__CODE_RED -I../cmsis -I../config -I../driver -O0 -g3 -Wall -c -fmessage-length=0 -fno-builtin -ffunction-sections -fdata-sections -mcpu=cortex-m0 -mthumb -D__REDLIB__ -specs=redlib.specs -MMD -MP -MF"driver/lpc_swu.d" -MT"driver/lpc_swu.o" -MT"driver/lpc_swu.d" -o "driver/lpc_swu.o" "../driver/lpc_swu.c"
Finished building: ../driver/lpc_swu.c
 
Building file: ../driver/rs485.c
Invoking: MCU C Compiler
arm-none-eabi-gcc -D__REDLIB__ -D__USE_CMSIS -DDEBUG -D__CODE_RED -I../cmsis -I../config -I../driver -O0 -g3 -Wall -c -fmessage-length=0 -fno-builtin -ffunction-sections -fdata-sections -mcpu=cortex-m0 -mthumb -D__REDLIB__ -specs=redlib.specs -MMD -MP -MF"driver/rs485.d" -MT"driver/rs485.o" -MT"driver/rs485.d" -o "driver/rs485.o" "../driver/rs485.c"
Finished building: ../driver/rs485.c
 
Building file: ../driver/small_gpio.c
Invoking: MCU C Compiler
arm-none-eabi-gcc -D__REDLIB__ -D__USE_CMSIS -DDEBUG -D__CODE_RED -I../cmsis -I../config -I../driver -O0 -g3 -Wall -c -fmessage-length=0 -fno-builtin -ffunction-sections -fdata-sections -mcpu=cortex-m0 -mthumb -D__REDLIB__ -specs=redlib.specs -MMD -MP -MF"driver/small_gpio.d" -MT"driver/small_gpio.o" -MT"driver/small_gpio.d" -o "driver/small_gpio.o" "../driver/small_gpio.c"
Finished building: ../driver/small_gpio.c
 
Building file: ../driver/ssp.c
Invoking: MCU C Compiler
arm-none-eabi-gcc -D__REDLIB__ -D__USE_CMSIS -DDEBUG -D__CODE_RED -I../cmsis -I../config -I../driver -O0 -g3 -Wall -c -fmessage-length=0 -fno-builtin -ffunction-sections -fdata-sections -mcpu=cortex-m0 -mthumb -D__REDLIB__ -specs=redlib.specs -MMD -MP -MF"driver/ssp.d" -MT"driver/ssp.o" -MT"driver/ssp.d" -o "driver/ssp.o" "../driver/ssp.c"
Finished building: ../driver/ssp.c
 
Building file: ../driver/timer16.c
Invoking: MCU C Compiler
arm-none-eabi-gcc -D__REDLIB__ -D__USE_CMSIS -DDEBUG -D__CODE_RED -I../cmsis -I../config -I../driver -O0 -g3 -Wall -c -fmessage-length=0 -fno-builtin -ffunction-sections -fdata-sections -mcpu=cortex-m0 -mthumb -D__REDLIB__ -specs=redlib.specs -MMD -MP -MF"driver/timer16.d" -MT"driver/timer16.o" -MT"driver/timer16.d" -o "driver/timer16.o" "../driver/timer16.c"
Finished building: ../driver/timer16.c
 
Building file: ../driver/timer32.c
Invoking: MCU C Compiler
arm-none-eabi-gcc -D__REDLIB__ -D__USE_CMSIS -DDEBUG -D__CODE_RED -I../cmsis -I../config -I../driver -O0 -g3 -Wall -c -fmessage-length=0 -fno-builtin -ffunction-sections -fdata-sections -mcpu=cortex-m0 -mthumb -D__REDLIB__ -specs=redlib.specs -MMD -MP -MF"driver/timer32.d" -MT"driver/timer32.o" -MT"driver/timer32.d" -o "driver/timer32.o" "../driver/timer32.c"
Finished building: ../driver/timer32.c
 
Building file: ../driver/uart.c
Invoking: MCU C Compiler
arm-none-eabi-gcc -D__REDLIB__ -D__USE_CMSIS -DDEBUG -D__CODE_RED -I../cmsis -I../config -I../driver -O0 -g3 -Wall -c -fmessage-length=0 -fno-builtin -ffunction-sections -fdata-sections -mcpu=cortex-m0 -mthumb -D__REDLIB__ -specs=redlib.specs -MMD -MP -MF"driver/uart.d" -MT"driver/uart.o" -MT"driver/uart.d" -o "driver/uart.o" "../driver/uart.c"
Finished building: ../driver/uart.c
 
Building file: ../driver/wdt.c
Invoking: MCU C Compiler
arm-none-eabi-gcc -D__REDLIB__ -D__USE_CMSIS -DDEBUG -D__CODE_RED -I../cmsis -I../config -I../driver -O0 -g3 -Wall -c -fmessage-length=0 -fno-builtin -ffunction-sections -fdata-sections -mcpu=cortex-m0 -mthumb -D__REDLIB__ -specs=redlib.specs -MMD -MP -MF"driver/wdt.d" -MT"driver/wdt.o" -MT"driver/wdt.d" -o "driver/wdt.o" "../driver/wdt.c"
Finished building: ../driver/wdt.c
 
Building file: ../cmsis/core_cm0.c
Invoking: MCU C Compiler
arm-none-eabi-gcc -D__REDLIB__ -D__USE_CMSIS -DDEBUG -D__CODE_RED -I../cmsis -I../config -I../driver -O0 -Os -g3 -Wall -c -fmessage-length=0 -fno-builtin -ffunction-sections -fdata-sections -mcpu=cortex-m0 -mthumb -D__REDLIB__ -specs=redlib.specs -MMD -MP -MF"cmsis/core_cm0.d" -MT"cmsis/core_cm0.d" -o "cmsis/core_cm0.o" "../cmsis/core_cm0.c"
Finished building: ../cmsis/core_cm0.c
 
Building file: ../cmsis/system_LPC11xx.c
Invoking: MCU C Compiler
arm-none-eabi-gcc -D__REDLIB__ -D__USE_CMSIS -DDEBUG -D__CODE_RED -I../cmsis -I../config -I../driver -O0 -Os -g3 -Wall -c -fmessage-length=0 -fno-builtin -ffunction-sections -fdata-sections -mcpu=cortex-m0 -mthumb -D__REDLIB__ -specs=redlib.specs -MMD -MP -MF"cmsis/system_LPC11xx.d" -MT"cmsis/system_LPC11xx.d" -o "cmsis/system_LPC11xx.o" "../cmsis/system_LPC11xx.c"
Finished building: ../cmsis/system_LPC11xx.c
 
Building target: blinky.axf
Invoking: MCU Linker
arm-none-eabi-gcc -nostdlib -Xlinker -Map=blinky.map -Xlinker --gc-sections -mcpu=cortex-m0 -mthumb -T "../linker/lpc1114_flash_crp.ld" -o "blinky.axf"  ./startup/cr_startup_lpc11.o  ./src/blinky_main.o  ./driver/adc.o ./driver/can.o ./driver/clkconfig.o ./driver/crp.o ./driver/debug_printf.o ./driver/gpio.o ./driver/i2c.o ./driver/i2cslave.o ./driver/lpc_swu.o ./driver/rs485.o ./driver/small_gpio.o ./driver/ssp.o ./driver/timer16.o ./driver/timer32.o ./driver/uart.o ./driver/wdt.o  ./cmsis/core_cm0.o ./cmsis/system_LPC11xx.o   
Finished building target: blinky.axf
 
make --no-print-directory post-build
Performing post-build steps
arm-none-eabi-size blinky.axf; arm-none-eabi-objcopy -O binary blinky.axf blinky.bin ; checksum -p LPC1115_303 -d blinky.bin;
   text	   data	    bss	    dec	    hex	filename
   2136	      4	      8	   2148	    864	blinky.axf
Written checksum 0xefffd635 at offset 0x1c in file blinky.bin
Previous value 0x00000000 at offset 0x1c in file blinky.bin
 
12:33:53 **** Incremental Build of configuration Debug for project blinky ****
make -r all 
make: Nothing to be done for `all'.
12:34:00 **** Incremental Build of configuration Debug for project blinky ****
make -r all 
make: Nothing to be done for `all'.
12:37:51 **** Incremental Build of configuration Debug for project blinky ****
make -r all 
Building file: ../src/blinky_main.c
Invoking: MCU C Compiler
arm-none-eabi-gcc -D__REDLIB__ -D__USE_CMSIS -DDEBUG -D__CODE_RED -I../cmsis -I../config -I../driver -O0 -g3 -Wall -c -fmessage-length=0 -fno-builtin -ffunction-sections -fdata-sections -mcpu=cortex-m0 -mthumb -D__REDLIB__ -specs=redlib.specs -MMD -MP -MF"src/blinky_main.d" -MT"src/blinky_main.o" -MT"src/blinky_main.d" -o "src/blinky_main.o" "../src/blinky_main.c"
Finished building: ../src/blinky_main.c
 
Building target: blinky.axf
Invoking: MCU Linker
arm-none-eabi-gcc -nostdlib -Xlinker -Map=blinky.map -Xlinker --gc-sections -mcpu=cortex-m0 -mthumb -T "../linker/lpc1114_flash_crp.ld" -o "blinky.axf"  ./startup/cr_startup_lpc11.o  ./src/blinky_main.o  ./driver/adc.o ./driver/can.o ./driver/clkconfig.o ./driver/crp.o ./driver/debug_printf.o ./driver/gpio.o ./driver/i2c.o ./driver/i2cslave.o ./driver/lpc_swu.o ./driver/rs485.o ./driver/small_gpio.o ./driver/ssp.o ./driver/timer16.o ./driver/timer32.o ./driver/uart.o ./driver/wdt.o  ./cmsis/core_cm0.o ./cmsis/system_LPC11xx.o   
Finished building target: blinky.axf
 
make --no-print-directory post-build
Performing post-build steps
arm-none-eabi-size blinky.axf; arm-none-eabi-objcopy -O binary blinky.axf blinky.bin ; checksum -p LPC1115_303 -d blinky.bin;
   text	   data	    bss	    dec	    hex	filename
   2136	      4	      8	   2148	    864	blinky.axf
Written checksum 0xefffd635 at offset 0x1c in file blinky.bin
Previous value 0x00000000 at offset 0x1c in file blinky.bin
 
12:37:55 **** Incremental Build of configuration Debug for project blinky ****
make -r all 
make: Nothing to be done for `all'.
12:38:11 **** Incremental Build of configuration Debug for project blinky ****
make -r all 
make: Nothing to be done for `all'.
12:39:13 **** Incremental Build of configuration Debug for project blinky ****
make -r all 
Building file: ../src/blinky_main.c
Invoking: MCU C Compiler
arm-none-eabi-gcc -D__REDLIB__ -D__USE_CMSIS -DDEBUG -D__CODE_RED -I../cmsis -I../config -I../driver -O0 -g3 -Wall -c -fmessage-length=0 -fno-builtin -ffunction-sections -fdata-sections -mcpu=cortex-m0 -mthumb -D__REDLIB__ -specs=redlib.specs -MMD -MP -MF"src/blinky_main.d" -MT"src/blinky_main.o" -MT"src/blinky_main.d" -o "src/blinky_main.o" "../src/blinky_main.c"
Finished building: ../src/blinky_main.c
 
Building target: blinky.axf
Invoking: MCU Linker
arm-none-eabi-gcc -nostdlib -Xlinker -Map=blinky.map -Xlinker --gc-sections -mcpu=cortex-m0 -mthumb -T "../linker/lpc1114_flash_crp.ld" -o "blinky.axf"  ./startup/cr_startup_lpc11.o  ./src/blinky_main.o  ./driver/adc.o ./driver/can.o ./driver/clkconfig.o ./driver/crp.o ./driver/debug_printf.o ./driver/gpio.o ./driver/i2c.o ./driver/i2cslave.o ./driver/lpc_swu.o ./driver/rs485.o ./driver/small_gpio.o ./driver/ssp.o ./driver/timer16.o ./driver/timer32.o ./driver/uart.o ./driver/wdt.o  ./cmsis/core_cm0.o ./cmsis/system_LPC11xx.o   
Finished building target: blinky.axf
 
make --no-print-directory post-build
Performing post-build steps
arm-none-eabi-size blinky.axf; arm-none-eabi-objcopy -O binary blinky.axf blinky.bin ; checksum -p LPC1115_303 -d blinky.bin;
   text	   data	    bss	    dec	    hex	filename
   2140	      4	      8	   2152	    868	blinky.axf
Written checksum 0xefffd635 at offset 0x1c in file blinky.bin
Previous value 0x00000000 at offset 0x1c in file blinky.bin
 
12:39:17 **** Incremental Build of configuration Debug for project blinky ****
make -r all 
make: Nothing to be done for `all'.
12:41:53 **** Incremental Build of configuration Debug for project blinky ****
make -r all 
Building file: ../src/blinky_main.c
Invoking: MCU C Compiler
arm-none-eabi-gcc -D__REDLIB__ -D__USE_CMSIS -DDEBUG -D__CODE_RED -I../cmsis -I../config -I../driver -O0 -g3 -Wall -c -fmessage-length=0 -fno-builtin -ffunction-sections -fdata-sections -mcpu=cortex-m0 -mthumb -D__REDLIB__ -specs=redlib.specs -MMD -MP -MF"src/blinky_main.d" -MT"src/blinky_main.o" -MT"src/blinky_main.d" -o "src/blinky_main.o" "../src/blinky_main.c"
Finished building: ../src/blinky_main.c
 
Building target: blinky.axf
Invoking: MCU Linker
arm-none-eabi-gcc -nostdlib -Xlinker -Map=blinky.map -Xlinker --gc-sections -mcpu=cortex-m0 -mthumb -T "../linker/lpc1114_flash_crp.ld" -o "blinky.axf"  ./startup/cr_startup_lpc11.o  ./src/blinky_main.o  ./driver/adc.o ./driver/can.o ./driver/clkconfig.o ./driver/crp.o ./driver/debug_printf.o ./driver/gpio.o ./driver/i2c.o ./driver/i2cslave.o ./driver/lpc_swu.o ./driver/rs485.o ./driver/small_gpio.o ./driver/ssp.o ./driver/timer16.o ./driver/timer32.o ./driver/uart.o ./driver/wdt.o  ./cmsis/core_cm0.o ./cmsis/system_LPC11xx.o   
Finished building target: blinky.axf
 
make --no-print-directory post-build
Performing post-build steps
arm-none-eabi-size blinky.axf; arm-none-eabi-objcopy -O binary blinky.axf blinky.bin ; checksum -p LPC1115_303 -d blinky.bin;
   text	   data	    bss	    dec	    hex	filename
   2136	      4	      8	   2148	    864	blinky.axf
Written checksum 0xefffd635 at offset 0x1c in file blinky.bin
Previous value 0x00000000 at offset 0x1c in file blinky.bin
 
12:41:57 **** Incremental Build of configuration Debug for project blinky ****
make -r all 
make: Nothing to be done for `all'.
12:43:24 **** Incremental Build of configuration Debug for project blinky ****
make -r all 
Building file: ../src/blinky_main.c
Invoking: MCU C Compiler
arm-none-eabi-gcc -D__REDLIB__ -D__USE_CMSIS -DDEBUG -D__CODE_RED -I../cmsis -I../config -I../driver -O0 -g3 -Wall -c -fmessage-length=0 -fno-builtin -ffunction-sections -fdata-sections -mcpu=cortex-m0 -mthumb -D__REDLIB__ -specs=redlib.specs -MMD -MP -MF"src/blinky_main.d" -MT"src/blinky_main.o" -MT"src/blinky_main.d" -o "src/blinky_main.o" "../src/blinky_main.c"
Finished building: ../src/blinky_main.c
 
Building target: blinky.axf
Invoking: MCU Linker
arm-none-eabi-gcc -nostdlib -Xlinker -Map=blinky.map -Xlinker --gc-sections -mcpu=cortex-m0 -mthumb -T "../linker/lpc1114_flash_crp.ld" -o "blinky.axf"  ./startup/cr_startup_lpc11.o  ./src/blinky_main.o  ./driver/adc.o ./driver/can.o ./driver/clkconfig.o ./driver/crp.o ./driver/debug_printf.o ./driver/gpio.o ./driver/i2c.o ./driver/i2cslave.o ./driver/lpc_swu.o ./driver/rs485.o ./driver/small_gpio.o ./driver/ssp.o ./driver/timer16.o ./driver/timer32.o ./driver/uart.o ./driver/wdt.o  ./cmsis/core_cm0.o ./cmsis/system_LPC11xx.o   
Finished building target: blinky.axf
 
make --no-print-directory post-build
Performing post-build steps
arm-none-eabi-size blinky.axf; arm-none-eabi-objcopy -O binary blinky.axf blinky.bin ; checksum -p LPC1115_303 -d blinky.bin;
   text	   data	    bss	    dec	    hex	filename
   2136	      4	      8	   2148	    864	blinky.axf
Written checksum 0xefffd635 at offset 0x1c in file blinky.bin
Previous value 0x00000000 at offset 0x1c in file blinky.bin
 
12:43:28 **** Incremental Build of configuration Debug for project blinky ****
make -r all 
make: Nothing to be done for `all'.
12:44:20 **** Incremental Build of configuration Debug for project blinky ****
make -r all 
Building file: ../src/blinky_main.c
Invoking: MCU C Compiler
arm-none-eabi-gcc -D__REDLIB__ -D__USE_CMSIS -DDEBUG -D__CODE_RED -I../cmsis -I../config -I../driver -O0 -g3 -Wall -c -fmessage-length=0 -fno-builtin -ffunction-sections -fdata-sections -mcpu=cortex-m0 -mthumb -D__REDLIB__ -specs=redlib.specs -MMD -MP -MF"src/blinky_main.d" -MT"src/blinky_main.o" -MT"src/blinky_main.d" -o "src/blinky_main.o" "../src/blinky_main.c"
Finished building: ../src/blinky_main.c
 
Building target: blinky.axf
Invoking: MCU Linker
arm-none-eabi-gcc -nostdlib -Xlinker -Map=blinky.map -Xlinker --gc-sections -mcpu=cortex-m0 -mthumb -T "../linker/lpc1114_flash_crp.ld" -o "blinky.axf"  ./startup/cr_startup_lpc11.o  ./src/blinky_main.o  ./driver/adc.o ./driver/can.o ./driver/clkconfig.o ./driver/crp.o ./driver/debug_printf.o ./driver/gpio.o ./driver/i2c.o ./driver/i2cslave.o ./driver/lpc_swu.o ./driver/rs485.o ./driver/small_gpio.o ./driver/ssp.o ./driver/timer16.o ./driver/timer32.o ./driver/uart.o ./driver/wdt.o  ./cmsis/core_cm0.o ./cmsis/system_LPC11xx.o   
Finished building target: blinky.axf
 
make --no-print-directory post-build
Performing post-build steps
arm-none-eabi-size blinky.axf; arm-none-eabi-objcopy -O binary blinky.axf blinky.bin ; checksum -p LPC1115_303 -d blinky.bin;
   text	   data	    bss	    dec	    hex	filename
   2136	      4	      8	   2148	    864	blinky.axf
Written checksum 0xefffd635 at offset 0x1c in file blinky.bin
Previous value 0x00000000 at offset 0x1c in file blinky.bin
 
12:44:24 **** Incremental Build of configuration Debug for project blinky ****
make -r all 
make: Nothing to be done for `all'.
13:30:39 **** Clean-only build of configuration Lib for project lib_small_printf_m0 ****
make -r clean 
rm -rf  ./src/small_printf_float.o ./src/small_printf_nofloat.o ./src/small_printf_support.o ./src/small_utils.o  ./src/small_printf_float.d ./src/small_printf_nofloat.d ./src/small_printf_support.d ./src/small_utils.d  liblib_small_printf_m0.a
 
13:30:40 **** Build of configuration Lib for project lib_small_printf_m0 ****
make -r all 
Building file: ../src/small_printf_float.c
Invoking: MCU C Compiler
arm-none-eabi-gcc -DDEBUG -D__CODE_RED -D__REDLIB__ -I"C:\Users\dell\Documents\LPCXpresso_8.2.2_650\workspace\lib_small_printf_m0\inc" -O0 -Os -g3 -Wall -c -fmessage-length=0 -fno-builtin -ffunction-sections -fdata-sections -mcpu=cortex-m0 -mthumb -D__REDLIB__ -specs=redlib.specs -MMD -MP -MF"src/small_printf_float.d" -MT"src/small_printf_float.o" -MT"src/small_printf_float.d" -o "src/small_printf_float.o" "../src/small_printf_float.c"
Finished building: ../src/small_printf_float.c
 
Building file: ../src/small_printf_nofloat.c
Invoking: MCU C Compiler
arm-none-eabi-gcc -DDEBUG -D__CODE_RED -D__REDLIB__ -I"C:\Users\dell\Documents\LPCXpresso_8.2.2_650\workspace\lib_small_printf_m0\inc" -O0 -Os -g3 -Wall -c -fmessage-length=0 -fno-builtin -ffunction-sections -fdata-sections -mcpu=cortex-m0 -mthumb -D__REDLIB__ -specs=redlib.specs -MMD -MP -MF"src/small_printf_nofloat.d" -MT"src/small_printf_nofloat.o" -MT"src/small_printf_nofloat.d" -o "src/small_printf_nofloat.o" "../src/small_printf_nofloat.c"
Finished building: ../src/small_printf_nofloat.c
 
Building file: ../src/small_printf_support.c
Invoking: MCU C Compiler
arm-none-eabi-gcc -DDEBUG -D__CODE_RED -D__REDLIB__ -I"C:\Users\dell\Documents\LPCXpresso_8.2.2_650\workspace\lib_small_printf_m0\inc" -O0 -Os -g3 -Wall -c -fmessage-length=0 -fno-builtin -ffunction-sections -fdata-sections -mcpu=cortex-m0 -mthumb -D__REDLIB__ -specs=redlib.specs -MMD -MP -MF"src/small_printf_support.d" -MT"src/small_printf_support.o" -MT"src/small_printf_support.d" -o "src/small_printf_support.o" "../src/small_printf_support.c"
Finished building: ../src/small_printf_support.c
 
Building file: ../src/small_utils.c
Invoking: MCU C Compiler
arm-none-eabi-gcc -DDEBUG -D__CODE_RED -D__REDLIB__ -I"C:\Users\dell\Documents\LPCXpresso_8.2.2_650\workspace\lib_small_printf_m0\inc" -O0 -Os -g3 -Wall -c -fmessage-length=0 -fno-builtin -ffunction-sections -fdata-sections -mcpu=cortex-m0 -mthumb -D__REDLIB__ -specs=redlib.specs -MMD -MP -MF"src/small_utils.d" -MT"src/small_utils.o" -MT"src/small_utils.d" -o "src/small_utils.o" "../src/small_utils.c"
Finished building: ../src/small_utils.c
 
Building target: liblib_small_printf_m0.a
Invoking: MCU Archiver
arm-none-eabi-ar -r  "liblib_small_printf_m0.a"  ./src/small_printf_float.o ./src/small_printf_nofloat.o ./src/small_printf_support.o ./src/small_utils.o   
c:\nxp\LPCXpresso_8.2.2_650\lpcxpresso\tools\bin\arm-none-eabi-ar.exe: creating liblib_small_printf_m0.a
Finished building target: liblib_small_printf_m0.a
 
make --no-print-directory post-build
Performing post-build steps
arm-none-eabi-size liblib_small_printf_m0.a ; # arm-none-eabi-objdump -h -S liblib_small_printf_m0.a >liblib_small_printf_m0.lss
   text	   data	    bss	    dec	    hex	filename
    861	      0	     81	    942	    3ae	small_printf_float.o (ex liblib_small_printf_m0.a)
    437	      0	      0	    437	    1b5	small_printf_nofloat.o (ex liblib_small_printf_m0.a)
    370	      0	     12	    382	    17e	small_printf_support.o (ex liblib_small_printf_m0.a)
    296	      0	      0	    296	    128	small_utils.o (ex liblib_small_printf_m0.a)
 
13:30:44 **** Clean-only build of configuration Debug for project adc ****
make -r clean 
rm -rf  ./startup/cr_startup_lpc11.o  ./src/adc_main.o  ./driver/adc.o ./driver/crp.o ./driver/debug_printf.o  ./cmsis/core_cm0.o ./cmsis/system_LPC11xx.o  ./startup/cr_startup_lpc11.d  ./src/adc_main.d  ./driver/adc.d ./driver/crp.d ./driver/debug_printf.d  ./cmsis/core_cm0.d ./cmsis/system_LPC11xx.d  adc.axf
 
13:30:45 **** Build of configuration Debug for project adc ****
make -r all 
Building file: ../startup/cr_startup_lpc11.c
Invoking: MCU C Compiler
arm-none-eabi-gcc -D__REDLIB__ -D__USE_CMSIS -DDEBUG -D__CODE_RED -I../cmsis -I"C:\Users\dell\Documents\LPCXpresso_8.2.2_650\workspace\lib_small_printf_m0\inc" -I../config -I../driver -O0 -g3 -Wall -c -fmessage-length=0 -fno-builtin -ffunction-sections -fdata-sections -mcpu=cortex-m0 -mthumb -D__REDLIB__ -specs=redlib.specs -MMD -MP -MF"startup/cr_startup_lpc11.d" -MT"startup/cr_startup_lpc11.o" -MT"startup/cr_startup_lpc11.d" -o "startup/cr_startup_lpc11.o" "../startup/cr_startup_lpc11.c"
Finished building: ../startup/cr_startup_lpc11.c
 
Building file: ../src/adc_main.c
Invoking: MCU C Compiler
arm-none-eabi-gcc -D__REDLIB__ -D__USE_CMSIS -DDEBUG -D__CODE_RED -I../cmsis -I"C:\Users\dell\Documents\LPCXpresso_8.2.2_650\workspace\lib_small_printf_m0\inc" -I../config -I../driver -O0 -g3 -Wall -c -fmessage-length=0 -fno-builtin -ffunction-sections -fdata-sections -mcpu=cortex-m0 -mthumb -D__REDLIB__ -specs=redlib.specs -MMD -MP -MF"src/adc_main.d" -MT"src/adc_main.o" -MT"src/adc_main.d" -o "src/adc_main.o" "../src/adc_main.c"
../src/adc_main.c: In function 'main':
../src/adc_main.c:84:12: warning: unused variable 'i' [-Wunused-variable]
   uint32_t i;
            ^
Finished building: ../src/adc_main.c
 
Building file: ../driver/adc.c
Invoking: MCU C Compiler
arm-none-eabi-gcc -D__REDLIB__ -D__USE_CMSIS -DDEBUG -D__CODE_RED -I../cmsis -I"C:\Users\dell\Documents\LPCXpresso_8.2.2_650\workspace\lib_small_printf_m0\inc" -I../config -I../driver -O0 -g3 -Wall -c -fmessage-length=0 -fno-builtin -ffunction-sections -fdata-sections -mcpu=cortex-m0 -mthumb -D__REDLIB__ -specs=redlib.specs -MMD -MP -MF"driver/adc.d" -MT"driver/adc.o" -MT"driver/adc.d" -o "driver/adc.o" "../driver/adc.c"
Finished building: ../driver/adc.c
 
Building file: ../driver/crp.c
Invoking: MCU C Compiler
arm-none-eabi-gcc -D__REDLIB__ -D__USE_CMSIS -DDEBUG -D__CODE_RED -I../cmsis -I"C:\Users\dell\Documents\LPCXpresso_8.2.2_650\workspace\lib_small_printf_m0\inc" -I../config -I../driver -O0 -g3 -Wall -c -fmessage-length=0 -fno-builtin -ffunction-sections -fdata-sections -mcpu=cortex-m0 -mthumb -D__REDLIB__ -specs=redlib.specs -MMD -MP -MF"driver/crp.d" -MT"driver/crp.o" -MT"driver/crp.d" -o "driver/crp.o" "../driver/crp.c"
Finished building: ../driver/crp.c
 
Building file: ../driver/debug_printf.c
Invoking: MCU C Compiler
arm-none-eabi-gcc -D__REDLIB__ -D__USE_CMSIS -DDEBUG -D__CODE_RED -I../cmsis -I"C:\Users\dell\Documents\LPCXpresso_8.2.2_650\workspace\lib_small_printf_m0\inc" -I../config -I../driver -O0 -g3 -Wall -c -fmessage-length=0 -fno-builtin -ffunction-sections -fdata-sections -mcpu=cortex-m0 -mthumb -D__REDLIB__ -specs=redlib.specs -MMD -MP -MF"driver/debug_printf.d" -MT"driver/debug_printf.o" -MT"driver/debug_printf.d" -o "driver/debug_printf.o" "../driver/debug_printf.c"
Finished building: ../driver/debug_printf.c
 
Building file: ../cmsis/core_cm0.c
Invoking: MCU C Compiler
arm-none-eabi-gcc -D__REDLIB__ -D__USE_CMSIS -DDEBUG -D__CODE_RED -I../cmsis -I"C:\Users\dell\Documents\LPCXpresso_8.2.2_650\workspace\lib_small_printf_m0\inc" -I../config -I../driver -O0 -Os -g3 -Wall -c -fmessage-length=0 -fno-builtin -ffunction-sections -fdata-sections -mcpu=cortex-m0 -mthumb -D__REDLIB__ -specs=redlib.specs -MMD -MP -MF"cmsis/core_cm0.d" -MT"cmsis/core_cm0.d" -o "cmsis/core_cm0.o" "../cmsis/core_cm0.c"
Finished building: ../cmsis/core_cm0.c
 
Building file: ../cmsis/system_LPC11xx.c
Invoking: MCU C Compiler
arm-none-eabi-gcc -D__REDLIB__ -D__USE_CMSIS -DDEBUG -D__CODE_RED -I../cmsis -I"C:\Users\dell\Documents\LPCXpresso_8.2.2_650\workspace\lib_small_printf_m0\inc" -I../config -I../driver -O0 -Os -g3 -Wall -c -fmessage-length=0 -fno-builtin -ffunction-sections -fdata-sections -mcpu=cortex-m0 -mthumb -D__REDLIB__ -specs=redlib.specs -MMD -MP -MF"cmsis/system_LPC11xx.d" -MT"cmsis/system_LPC11xx.d" -o "cmsis/system_LPC11xx.o" "../cmsis/system_LPC11xx.c"
Finished building: ../cmsis/system_LPC11xx.c
 
Building target: adc.axf
Invoking: MCU Linker
arm-none-eabi-gcc -nostdlib -L"C:\Users\dell\Documents\LPCXpresso_8.2.2_650\workspace\lib_small_printf_m0\Lib" -Xlinker -Map=adc.map -Xlinker --gc-sections -mcpu=cortex-m0 -mthumb -T "../linker/lpc1114_flash_crp.ld" -o "adc.axf"  ./startup/cr_startup_lpc11.o  ./src/adc_main.o  ./driver/adc.o ./driver/crp.o ./driver/debug_printf.o  ./cmsis/core_cm0.o ./cmsis/system_LPC11xx.o   -llib_small_printf_m0
Finished building target: adc.axf
 
make --no-print-directory post-build
Performing post-build steps
arm-none-eabi-size adc.axf; arm-none-eabi-objcopy -O binary adc.axf adc.bin ; checksum -p LPC1115_303 -d adc.bin;
   text	   data	    bss	    dec	    hex	filename
   5155	      4	    124	   5283	   14a3	adc.axf
Written checksum 0xefffd635 at offset 0x1c in file adc.bin
Previous value 0x00000000 at offset 0x1c in file adc.bin
 
13:35:49 **** Incremental Build of configuration Lib for project lib_small_printf_m0 ****
make -r all 
make: Nothing to be done for `all'.
13:35:49 **** Clean-only build of configuration Debug for project adc ****
make -r clean 
rm -rf  ./startup/cr_startup_lpc11.o  ./src/adc_main.o  ./driver/adc.o ./driver/crp.o ./driver/debug_printf.o  ./cmsis/core_cm0.o ./cmsis/system_LPC11xx.o  ./startup/cr_startup_lpc11.d  ./src/adc_main.d  ./driver/adc.d ./driver/crp.d ./driver/debug_printf.d  ./cmsis/core_cm0.d ./cmsis/system_LPC11xx.d  adc.axf
 
13:35:49 **** Incremental Build of configuration Debug for project adc ****
make -r all 
Building file: ../startup/cr_startup_lpc11.c
Invoking: MCU C Compiler
arm-none-eabi-gcc -D__REDLIB__ -D__USE_CMSIS -DDEBUG -D__CODE_RED -I../cmsis -I"C:\Users\dell\Documents\LPCXpresso_8.2.2_650\workspace\lib_small_printf_m0\inc" -I../config -I../driver -O0 -g3 -Wall -c -fmessage-length=0 -fno-builtin -ffunction-sections -fdata-sections -mcpu=cortex-m0 -mthumb -D__REDLIB__ -specs=redlib.specs -MMD -MP -MF"startup/cr_startup_lpc11.d" -MT"startup/cr_startup_lpc11.o" -MT"startup/cr_startup_lpc11.d" -o "startup/cr_startup_lpc11.o" "../startup/cr_startup_lpc11.c"
Finished building: ../startup/cr_startup_lpc11.c
 
Building file: ../src/adc_main.c
Invoking: MCU C Compiler
arm-none-eabi-gcc -D__REDLIB__ -D__USE_CMSIS -DDEBUG -D__CODE_RED -I../cmsis -I"C:\Users\dell\Documents\LPCXpresso_8.2.2_650\workspace\lib_small_printf_m0\inc" -I../config -I../driver -O0 -g3 -Wall -c -fmessage-length=0 -fno-builtin -ffunction-sections -fdata-sections -mcpu=cortex-m0 -mthumb -D__REDLIB__ -specs=redlib.specs -MMD -MP -MF"src/adc_main.d" -MT"src/adc_main.o" -MT"src/adc_main.d" -o "src/adc_main.o" "../src/adc_main.c"
../src/adc_main.c: In function 'main':
../src/adc_main.c:84:12: warning: unused variable 'i' [-Wunused-variable]
   uint32_t i;
            ^
Finished building: ../src/adc_main.c
 
Building file: ../driver/adc.c
Invoking: MCU C Compiler
arm-none-eabi-gcc -D__REDLIB__ -D__USE_CMSIS -DDEBUG -D__CODE_RED -I../cmsis -I"C:\Users\dell\Documents\LPCXpresso_8.2.2_650\workspace\lib_small_printf_m0\inc" -I../config -I../driver -O0 -g3 -Wall -c -fmessage-length=0 -fno-builtin -ffunction-sections -fdata-sections -mcpu=cortex-m0 -mthumb -D__REDLIB__ -specs=redlib.specs -MMD -MP -MF"driver/adc.d" -MT"driver/adc.o" -MT"driver/adc.d" -o "driver/adc.o" "../driver/adc.c"
Finished building: ../driver/adc.c
 
Building file: ../driver/crp.c
Invoking: MCU C Compiler
arm-none-eabi-gcc -D__REDLIB__ -D__USE_CMSIS -DDEBUG -D__CODE_RED -I../cmsis -I"C:\Users\dell\Documents\LPCXpresso_8.2.2_650\workspace\lib_small_printf_m0\inc" -I../config -I../driver -O0 -g3 -Wall -c -fmessage-length=0 -fno-builtin -ffunction-sections -fdata-sections -mcpu=cortex-m0 -mthumb -D__REDLIB__ -specs=redlib.specs -MMD -MP -MF"driver/crp.d" -MT"driver/crp.o" -MT"driver/crp.d" -o "driver/crp.o" "../driver/crp.c"
Finished building: ../driver/crp.c
 
Building file: ../driver/debug_printf.c
Invoking: MCU C Compiler
arm-none-eabi-gcc -D__REDLIB__ -D__USE_CMSIS -DDEBUG -D__CODE_RED -I../cmsis -I"C:\Users\dell\Documents\LPCXpresso_8.2.2_650\workspace\lib_small_printf_m0\inc" -I../config -I../driver -O0 -g3 -Wall -c -fmessage-length=0 -fno-builtin -ffunction-sections -fdata-sections -mcpu=cortex-m0 -mthumb -D__REDLIB__ -specs=redlib.specs -MMD -MP -MF"driver/debug_printf.d" -MT"driver/debug_printf.o" -MT"driver/debug_printf.d" -o "driver/debug_printf.o" "../driver/debug_printf.c"
Finished building: ../driver/debug_printf.c
 
Building file: ../driver/gpio.c
Invoking: MCU C Compiler
arm-none-eabi-gcc -D__REDLIB__ -D__USE_CMSIS -DDEBUG -D__CODE_RED -I../cmsis -I"C:\Users\dell\Documents\LPCXpresso_8.2.2_650\workspace\lib_small_printf_m0\inc" -I../config -I../driver -O0 -g3 -Wall -c -fmessage-length=0 -fno-builtin -ffunction-sections -fdata-sections -mcpu=cortex-m0 -mthumb -D__REDLIB__ -specs=redlib.specs -MMD -MP -MF"driver/gpio.d" -MT"driver/gpio.o" -MT"driver/gpio.d" -o "driver/gpio.o" "../driver/gpio.c"
Finished building: ../driver/gpio.c
 
Building file: ../cmsis/core_cm0.c
Invoking: MCU C Compiler
arm-none-eabi-gcc -D__REDLIB__ -D__USE_CMSIS -DDEBUG -D__CODE_RED -I../cmsis -I"C:\Users\dell\Documents\LPCXpresso_8.2.2_650\workspace\lib_small_printf_m0\inc" -I../config -I../driver -O0 -Os -g3 -Wall -c -fmessage-length=0 -fno-builtin -ffunction-sections -fdata-sections -mcpu=cortex-m0 -mthumb -D__REDLIB__ -specs=redlib.specs -MMD -MP -MF"cmsis/core_cm0.d" -MT"cmsis/core_cm0.d" -o "cmsis/core_cm0.o" "../cmsis/core_cm0.c"
Finished building: ../cmsis/core_cm0.c
 
Building file: ../cmsis/system_LPC11xx.c
Invoking: MCU C Compiler
arm-none-eabi-gcc -D__REDLIB__ -D__USE_CMSIS -DDEBUG -D__CODE_RED -I../cmsis -I"C:\Users\dell\Documents\LPCXpresso_8.2.2_650\workspace\lib_small_printf_m0\inc" -I../config -I../driver -O0 -Os -g3 -Wall -c -fmessage-length=0 -fno-builtin -ffunction-sections -fdata-sections -mcpu=cortex-m0 -mthumb -D__REDLIB__ -specs=redlib.specs -MMD -MP -MF"cmsis/system_LPC11xx.d" -MT"cmsis/system_LPC11xx.d" -o "cmsis/system_LPC11xx.o" "../cmsis/system_LPC11xx.c"
Finished building: ../cmsis/system_LPC11xx.c
 
Building target: adc.axf
Invoking: MCU Linker
arm-none-eabi-gcc -nostdlib -L"C:\Users\dell\Documents\LPCXpresso_8.2.2_650\workspace\lib_small_printf_m0\Lib" -Xlinker -Map=adc.map -Xlinker --gc-sections -mcpu=cortex-m0 -mthumb -T "../linker/lpc1114_flash_crp.ld" -o "adc.axf"  ./startup/cr_startup_lpc11.o  ./src/adc_main.o  ./driver/adc.o ./driver/crp.o ./driver/debug_printf.o ./driver/gpio.o  ./cmsis/core_cm0.o ./cmsis/system_LPC11xx.o   -llib_small_printf_m0
Finished building target: adc.axf
 
make --no-print-directory post-build
Performing post-build steps
arm-none-eabi-size adc.axf; arm-none-eabi-objcopy -O binary adc.axf adc.bin ; checksum -p LPC1115_303 -d adc.bin;
   text	   data	    bss	    dec	    hex	filename
   5155	      4	    124	   5283	   14a3	adc.axf
Written checksum 0xefffd635 at offset 0x1c in file adc.bin
Previous value 0x00000000 at offset 0x1c in file adc.bin
 
14:24:56 **** Incremental Build of configuration Lib for project lib_small_printf_m0 ****
make -r all 
make: Nothing to be done for `all'.
14:24:57 **** Incremental Build of configuration Debug for project adc ****
make -r all 
Building file: ../src/adc_main.c
Invoking: MCU C Compiler
arm-none-eabi-gcc -D__REDLIB__ -D__USE_CMSIS -DDEBUG -D__CODE_RED -I../cmsis -I"C:\Users\dell\Documents\LPCXpresso_8.2.2_650\workspace\lib_small_printf_m0\inc" -I../config -I../driver -O0 -g3 -Wall -c -fmessage-length=0 -fno-builtin -ffunction-sections -fdata-sections -mcpu=cortex-m0 -mthumb -D__REDLIB__ -specs=redlib.specs -MMD -MP -MF"src/adc_main.d" -MT"src/adc_main.o" -MT"src/adc_main.d" -o "src/adc_main.o" "../src/adc_main.c"
../src/adc_main.c: In function 'main':
../src/adc_main.c:84:12: warning: unused variable 'i' [-Wunused-variable]
   uint32_t i;
            ^
Finished building: ../src/adc_main.c
 
Building target: adc.axf
Invoking: MCU Linker
arm-none-eabi-gcc -nostdlib -L"C:\Users\dell\Documents\LPCXpresso_8.2.2_650\workspace\lib_small_printf_m0\Lib" -Xlinker -Map=adc.map -Xlinker --gc-sections -mcpu=cortex-m0 -mthumb -T "../linker/lpc1114_flash_crp.ld" -o "adc.axf"  ./startup/cr_startup_lpc11.o  ./src/adc_main.o  ./driver/adc.o ./driver/crp.o ./driver/debug_printf.o ./driver/gpio.o  ./cmsis/core_cm0.o ./cmsis/system_LPC11xx.o   -llib_small_printf_m0
Finished building target: adc.axf
 
make --no-print-directory post-build
Performing post-build steps
arm-none-eabi-size adc.axf; arm-none-eabi-objcopy -O binary adc.axf adc.bin ; checksum -p LPC1115_303 -d adc.bin;
   text	   data	    bss	    dec	    hex	filename
   5155	      4	    124	   5283	   14a3	adc.axf
Written checksum 0xefffd635 at offset 0x1c in file adc.bin
Previous value 0x00000000 at offset 0x1c in file adc.bin
 
14:25:09 **** Incremental Build of configuration Lib for project lib_small_printf_m0 ****
make -r all 
make: Nothing to be done for `all'.
14:25:10 **** Incremental Build of configuration Debug for project adc ****
make -r all 
make: Nothing to be done for `all'.
14:25:12 **** Incremental Build of configuration Debug for project adc ****
make -r all 
make: Nothing to be done for `all'.
14:26:44 **** Incremental Build of configuration Lib for project lib_small_printf_m0 ****
make -r all 
make: Nothing to be done for `all'.
14:26:44 **** Incremental Build of configuration Debug for project adc ****
make -r all 
make: Nothing to be done for `all'.
14:26:47 **** Incremental Build of configuration Debug for project adc ****
make -r all 
make: Nothing to be done for `all'.
14:28:49 **** Incremental Build of configuration Lib for project lib_small_printf_m0 ****
make -r all 
make: Nothing to be done for `all'.
14:28:50 **** Incremental Build of configuration Debug for project adc ****
make -r all 
Building file: ../src/adc_main.c
Invoking: MCU C Compiler
arm-none-eabi-gcc -D__REDLIB__ -D__USE_CMSIS -DDEBUG -D__CODE_RED -I../cmsis -I"C:\Users\dell\Documents\LPCXpresso_8.2.2_650\workspace\lib_small_printf_m0\inc" -I../config -I../driver -O0 -g3 -Wall -c -fmessage-length=0 -fno-builtin -ffunction-sections -fdata-sections -mcpu=cortex-m0 -mthumb -D__REDLIB__ -specs=redlib.specs -MMD -MP -MF"src/adc_main.d" -MT"src/adc_main.o" -MT"src/adc_main.d" -o "src/adc_main.o" "../src/adc_main.c"
../src/adc_main.c: In function 'main':
../src/adc_main.c:101:2: warning: implicit declaration of function 'printf' [-Wimplicit-function-declaration]
  printf(ADCValue[0]);
  ^
../src/adc_main.c:84:12: warning: unused variable 'i' [-Wunused-variable]
   uint32_t i;
            ^
Finished building: ../src/adc_main.c
 
Building target: adc.axf
Invoking: MCU Linker
arm-none-eabi-gcc -nostdlib -L"C:\Users\dell\Documents\LPCXpresso_8.2.2_650\workspace\lib_small_printf_m0\Lib" -Xlinker -Map=adc.map -Xlinker --gc-sections -mcpu=cortex-m0 -mthumb -T "../linker/lpc1114_flash_crp.ld" -o "adc.axf"  ./startup/cr_startup_lpc11.o  ./src/adc_main.o  ./driver/adc.o ./driver/crp.o ./driver/debug_printf.o ./driver/gpio.o  ./cmsis/core_cm0.o ./cmsis/system_LPC11xx.o   -llib_small_printf_m0
Finished building target: adc.axf
 
make --no-print-directory post-build
Performing post-build steps
arm-none-eabi-size adc.axf; arm-none-eabi-objcopy -O binary adc.axf adc.bin ; checksum -p LPC1115_303 -d adc.bin;
   text	   data	    bss	    dec	    hex	filename
  11776	      4	    380	  12160	   2f80	adc.axf
Written checksum 0xefffd635 at offset 0x1c in file adc.bin
Previous value 0x00000000 at offset 0x1c in file adc.bin
 
14:29:10 **** Incremental Build of configuration Lib for project lib_small_printf_m0 ****
make -r all 
make: Nothing to be done for `all'.
14:29:11 **** Incremental Build of configuration Debug for project adc ****
make -r all 
Building file: ../src/adc_main.c
Invoking: MCU C Compiler
arm-none-eabi-gcc -D__REDLIB__ -D__USE_CMSIS -DDEBUG -D__CODE_RED -I../cmsis -I"C:\Users\dell\Documents\LPCXpresso_8.2.2_650\workspace\lib_small_printf_m0\inc" -I../config -I../driver -O0 -g3 -Wall -c -fmessage-length=0 -fno-builtin -ffunction-sections -fdata-sections -mcpu=cortex-m0 -mthumb -D__REDLIB__ -specs=redlib.specs -MMD -MP -MF"src/adc_main.d" -MT"src/adc_main.o" -MT"src/adc_main.d" -o "src/adc_main.o" "../src/adc_main.c"
../src/adc_main.c: In function 'main':
../src/adc_main.c:101:2: warning: implicit declaration of function 'printf' [-Wimplicit-function-declaration]
  printf(ADCValue[0]);
  ^
../src/adc_main.c:84:12: warning: unused variable 'i' [-Wunused-variable]
   uint32_t i;
            ^
Finished building: ../src/adc_main.c
 
Building target: adc.axf
Invoking: MCU Linker
arm-none-eabi-gcc -nostdlib -L"C:\Users\dell\Documents\LPCXpresso_8.2.2_650\workspace\lib_small_printf_m0\Lib" -Xlinker -Map=adc.map -Xlinker --gc-sections -mcpu=cortex-m0 -mthumb -T "../linker/lpc1114_flash_crp.ld" -o "adc.axf"  ./startup/cr_startup_lpc11.o  ./src/adc_main.o  ./driver/adc.o ./driver/crp.o ./driver/debug_printf.o ./driver/gpio.o  ./cmsis/core_cm0.o ./cmsis/system_LPC11xx.o   -llib_small_printf_m0
Finished building target: adc.axf
 
make --no-print-directory post-build
Performing post-build steps
arm-none-eabi-size adc.axf; arm-none-eabi-objcopy -O binary adc.axf adc.bin ; checksum -p LPC1115_303 -d adc.bin;
   text	   data	    bss	    dec	    hex	filename
  11776	      4	    380	  12160	   2f80	adc.axf
Written checksum 0xefffd635 at offset 0x1c in file adc.bin
Previous value 0x00000000 at offset 0x1c in file adc.bin
 
14:29:14 **** Incremental Build of configuration Debug for project adc ****
make -r all 
make: Nothing to be done for `all'.
14:30:26 **** Incremental Build of configuration Lib for project lib_small_printf_m0 ****
make -r all 
make: Nothing to be done for `all'.
14:30:27 **** Incremental Build of configuration Debug for project adc ****
make -r all 
Building file: ../src/adc_main.c
Invoking: MCU C Compiler
arm-none-eabi-gcc -D__REDLIB__ -D__USE_CMSIS -DDEBUG -D__CODE_RED -I../cmsis -I"C:\Users\dell\Documents\LPCXpresso_8.2.2_650\workspace\lib_small_printf_m0\inc" -I../config -I../driver -O0 -g3 -Wall -c -fmessage-length=0 -fno-builtin -ffunction-sections -fdata-sections -mcpu=cortex-m0 -mthumb -D__REDLIB__ -specs=redlib.specs -MMD -MP -MF"src/adc_main.d" -MT"src/adc_main.o" -MT"src/adc_main.d" -o "src/adc_main.o" "../src/adc_main.c"
../src/adc_main.c: In function 'main':
../src/adc_main.c:84:12: warning: unused variable 'i' [-Wunused-variable]
   uint32_t i;
            ^
Finished building: ../src/adc_main.c
 
Building target: adc.axf
Invoking: MCU Linker
arm-none-eabi-gcc -nostdlib -L"C:\Users\dell\Documents\LPCXpresso_8.2.2_650\workspace\lib_small_printf_m0\Lib" -Xlinker -Map=adc.map -Xlinker --gc-sections -mcpu=cortex-m0 -mthumb -T "../linker/lpc1114_flash_crp.ld" -o "adc.axf"  ./startup/cr_startup_lpc11.o  ./src/adc_main.o  ./driver/adc.o ./driver/crp.o ./driver/debug_printf.o ./driver/gpio.o  ./cmsis/core_cm0.o ./cmsis/system_LPC11xx.o   -llib_small_printf_m0
Finished building target: adc.axf
 
make --no-print-directory post-build
Performing post-build steps
arm-none-eabi-size adc.axf; arm-none-eabi-objcopy -O binary adc.axf adc.bin ; checksum -p LPC1115_303 -d adc.bin;
   text	   data	    bss	    dec	    hex	filename
   5155	      4	    124	   5283	   14a3	adc.axf
Written checksum 0xefffd635 at offset 0x1c in file adc.bin
Previous value 0x00000000 at offset 0x1c in file adc.bin
 
14:30:33 **** Incremental Build of configuration Lib for project lib_small_printf_m0 ****
make -r all 
make: Nothing to be done for `all'.
14:30:34 **** Incremental Build of configuration Debug for project adc ****
make -r all 
make: Nothing to be done for `all'.
14:30:36 **** Incremental Build of configuration Debug for project adc ****
make -r all 
make: Nothing to be done for `all'.
14:33:42 **** Incremental Build of configuration Lib for project lib_small_printf_m0 ****
make -r all 
make: Nothing to be done for `all'.
14:33:43 **** Incremental Build of configuration Debug for project adc ****
make -r all 
Building target: adc.axf
Invoking: MCU Linker
arm-none-eabi-gcc -nostdlib -L"C:\Users\dell\Documents\LPCXpresso_8.2.2_650\workspace\lib_small_printf_m0\Lib" -Xlinker -Map=adc.map -Xlinker --gc-sections -mcpu=cortex-m0 -mthumb -T "../linker/lpc1114_flash_crp.ld" -o "adc.axf"  ./startup/cr_startup_lpc11.o  ./src/adc_main.o  ./driver/adc.o ./driver/crp.o ./driver/debug_printf.o ./driver/gpio.o  ./cmsis/core_cm0.o ./cmsis/system_LPC11xx.o   -llib_small_printf_m0
Finished building target: adc.axf
 
make --no-print-directory post-build
Performing post-build steps
arm-none-eabi-size adc.axf; arm-none-eabi-objcopy -O binary adc.axf adc.bin ; checksum -p LPC1115_303 -d adc.bin;
   text	   data	    bss	    dec	    hex	filename
   5155	      4	    124	   5283	   14a3	adc.axf
Written checksum 0xefffd635 at offset 0x1c in file adc.bin
Previous value 0x00000000 at offset 0x1c in file adc.bin
 
14:33:45 **** Incremental Build of configuration Debug for project adc ****
make -r all 
make: Nothing to be done for `all'.
14:35:03 **** Incremental Build of configuration Lib for project lib_small_printf_m0 ****
make -r all 
make: Nothing to be done for `all'.
14:35:04 **** Incremental Build of configuration Debug for project adc ****
make -r all 
Building file: ../src/adc_main.c
Invoking: MCU C Compiler
arm-none-eabi-gcc -D__REDLIB__ -D__USE_CMSIS -DDEBUG -D__CODE_RED -I../cmsis -I"C:\Users\dell\Documents\LPCXpresso_8.2.2_650\workspace\lib_small_printf_m0\inc" -I../config -I../driver -O0 -g3 -Wall -c -fmessage-length=0 -fno-builtin -ffunction-sections -fdata-sections -mcpu=cortex-m0 -mthumb -D__REDLIB__ -specs=redlib.specs -MMD -MP -MF"src/adc_main.d" -MT"src/adc_main.o" -MT"src/adc_main.d" -o "src/adc_main.o" "../src/adc_main.c"
../src/adc_main.c: In function 'main':
../src/adc_main.c:101:2: warning: implicit declaration of function 'printf' [-Wimplicit-function-declaration]
  printf("%f",ADCValue[0]);
  ^
../src/adc_main.c:84:12: warning: unused variable 'i' [-Wunused-variable]
   uint32_t i;
            ^
Finished building: ../src/adc_main.c
 
Building target: adc.axf
Invoking: MCU Linker
arm-none-eabi-gcc -nostdlib -L"C:\Users\dell\Documents\LPCXpresso_8.2.2_650\workspace\lib_small_printf_m0\Lib" -Xlinker -Map=adc.map -Xlinker --gc-sections -mcpu=cortex-m0 -mthumb -T "../linker/lpc1114_flash_crp.ld" -o "adc.axf"  ./startup/cr_startup_lpc11.o  ./src/adc_main.o  ./driver/adc.o ./driver/crp.o ./driver/debug_printf.o ./driver/gpio.o  ./cmsis/core_cm0.o ./cmsis/system_LPC11xx.o   -llib_small_printf_m0
Finished building target: adc.axf
 
make --no-print-directory post-build
Performing post-build steps
arm-none-eabi-size adc.axf; arm-none-eabi-objcopy -O binary adc.axf adc.bin ; checksum -p LPC1115_303 -d adc.bin;
   text	   data	    bss	    dec	    hex	filename
  13216	      4	    464	  13684	   3574	adc.axf
Written checksum 0xefffd635 at offset 0x1c in file adc.bin
Previous value 0x00000000 at offset 0x1c in file adc.bin
 
14:35:10 **** Incremental Build of configuration Lib for project lib_small_printf_m0 ****
make -r all 
make: Nothing to be done for `all'.
14:35:10 **** Incremental Build of configuration Debug for project adc ****
make -r all 
make: Nothing to be done for `all'.
14:35:13 **** Incremental Build of configuration Debug for project adc ****
make -r all 
make: Nothing to be done for `all'.
14:35:52 **** Incremental Build of configuration Lib for project lib_small_printf_m0 ****
make -r all 
make: Nothing to be done for `all'.
14:35:53 **** Incremental Build of configuration Debug for project adc ****
make -r all 
Building file: ../src/adc_main.c
Invoking: MCU C Compiler
arm-none-eabi-gcc -D__REDLIB__ -D__USE_CMSIS -DDEBUG -D__CODE_RED -I../cmsis -I"C:\Users\dell\Documents\LPCXpresso_8.2.2_650\workspace\lib_small_printf_m0\inc" -I../config -I../driver -O0 -g3 -Wall -c -fmessage-length=0 -fno-builtin -ffunction-sections -fdata-sections -mcpu=cortex-m0 -mthumb -D__REDLIB__ -specs=redlib.specs -MMD -MP -MF"src/adc_main.d" -MT"src/adc_main.o" -MT"src/adc_main.d" -o "src/adc_main.o" "../src/adc_main.c"
../src/adc_main.c: In function 'main':
../src/adc_main.c:101:2: warning: implicit declaration of function 'printf' [-Wimplicit-function-declaration]
  printf("%f",ADCValue[0]);
  ^
../src/adc_main.c:84:12: warning: unused variable 'i' [-Wunused-variable]
   uint32_t i;
            ^
Finished building: ../src/adc_main.c
 
Building target: adc.axf
Invoking: MCU Linker
arm-none-eabi-gcc -nostdlib -L"C:\Users\dell\Documents\LPCXpresso_8.2.2_650\workspace\lib_small_printf_m0\Lib" -Xlinker -Map=adc.map -Xlinker --gc-sections -mcpu=cortex-m0 -mthumb -T "../linker/lpc1114_flash_crp.ld" -o "adc.axf"  ./startup/cr_startup_lpc11.o  ./src/adc_main.o  ./driver/adc.o ./driver/crp.o ./driver/debug_printf.o ./driver/gpio.o  ./cmsis/core_cm0.o ./cmsis/system_LPC11xx.o   -llib_small_printf_m0
Finished building target: adc.axf
 
make --no-print-directory post-build
Performing post-build steps
arm-none-eabi-size adc.axf; arm-none-eabi-objcopy -O binary adc.axf adc.bin ; checksum -p LPC1115_303 -d adc.bin;
   text	   data	    bss	    dec	    hex	filename
  11824	      4	    380	  12208	   2fb0	adc.axf
Written checksum 0xefffd635 at offset 0x1c in file adc.bin
Previous value 0x00000000 at offset 0x1c in file adc.bin
 
14:35:56 **** Incremental Build of configuration Debug for project adc ****
make -r all 
make: Nothing to be done for `all'.
14:36:55 **** Incremental Build of configuration Lib for project lib_small_printf_m0 ****
make -r all 
make: Nothing to be done for `all'.
14:36:56 **** Incremental Build of configuration Debug for project adc ****
make -r all 
Building file: ../src/adc_main.c
Invoking: MCU C Compiler
arm-none-eabi-gcc -D__REDLIB__ -D__USE_CMSIS -DDEBUG -D__CODE_RED -I../cmsis -I"C:\Users\dell\Documents\LPCXpresso_8.2.2_650\workspace\lib_small_printf_m0\inc" -I../config -I../driver -O0 -g3 -Wall -c -fmessage-length=0 -fno-builtin -ffunction-sections -fdata-sections -mcpu=cortex-m0 -mthumb -D__REDLIB__ -specs=redlib.specs -MMD -MP -MF"src/adc_main.d" -MT"src/adc_main.o" -MT"src/adc_main.d" -o "src/adc_main.o" "../src/adc_main.c"
../src/adc_main.c: In function 'main':
../src/adc_main.c:105:2: warning: implicit declaration of function 'printf' [-Wimplicit-function-declaration]
  printf("%f",ADCValue[0]);
  ^
../src/adc_main.c:84:12: warning: unused variable 'i' [-Wunused-variable]
   uint32_t i;
            ^
Finished building: ../src/adc_main.c
 
Building target: adc.axf
Invoking: MCU Linker
arm-none-eabi-gcc -nostdlib -L"C:\Users\dell\Documents\LPCXpresso_8.2.2_650\workspace\lib_small_printf_m0\Lib" -Xlinker -Map=adc.map -Xlinker --gc-sections -mcpu=cortex-m0 -mthumb -T "../linker/lpc1114_flash_crp.ld" -o "adc.axf"  ./startup/cr_startup_lpc11.o  ./src/adc_main.o  ./driver/adc.o ./driver/crp.o ./driver/debug_printf.o ./driver/gpio.o  ./cmsis/core_cm0.o ./cmsis/system_LPC11xx.o   -llib_small_printf_m0
Finished building target: adc.axf
 
make --no-print-directory post-build
Performing post-build steps
arm-none-eabi-size adc.axf; arm-none-eabi-objcopy -O binary adc.axf adc.bin ; checksum -p LPC1115_303 -d adc.bin;
   text	   data	    bss	    dec	    hex	filename
  11824	      4	    380	  12208	   2fb0	adc.axf
Written checksum 0xefffd635 at offset 0x1c in file adc.bin
Previous value 0x00000000 at offset 0x1c in file adc.bin
 
14:36:59 **** Incremental Build of configuration Debug for project adc ****
make -r all 
make: Nothing to be done for `all'.
19:39:04 **** Incremental Build of configuration Lib for project lib_small_printf_m0 ****
make -r all 
make: Nothing to be done for `all'.
19:39:18 **** Incremental Build of configuration Lib for project lib_small_printf_m0 ****
make -r all 
make: Nothing to be done for `all'.
19:39:20 **** Incremental Build of configuration Debug for project adc ****
make -r all 
Building file: ../src/adc_main.c
Invoking: MCU C Compiler
arm-none-eabi-gcc -D__REDLIB__ -D__USE_CMSIS -DDEBUG -D__CODE_RED -I../cmsis -I"C:\Users\dell\Documents\LPCXpresso_8.2.2_650\workspace\lib_small_printf_m0\inc" -I../config -I../driver -O0 -g3 -Wall -c -fmessage-length=0 -fno-builtin -ffunction-sections -fdata-sections -mcpu=cortex-m0 -mthumb -D__REDLIB__ -specs=redlib.specs -MMD -MP -MF"src/adc_main.d" -MT"src/adc_main.o" -MT"src/adc_main.d" -o "src/adc_main.o" "../src/adc_main.c"
../src/adc_main.c: In function 'main':
../src/adc_main.c:99:2: warning: implicit declaration of function 'printf' [-Wimplicit-function-declaration]
  printf("%d",input);
  ^
../src/adc_main.c:84:12: warning: unused variable 'i' [-Wunused-variable]
   uint32_t i;
            ^
Finished building: ../src/adc_main.c
 
Building target: adc.axf
Invoking: MCU Linker
arm-none-eabi-gcc -nostdlib -L"C:\Users\dell\Documents\LPCXpresso_8.2.2_650\workspace\lib_small_printf_m0\Lib" -Xlinker -Map=adc.map -Xlinker --gc-sections -mcpu=cortex-m0 -mthumb -T "../linker/lpc1114_flash_crp.ld" -o "adc.axf"  ./startup/cr_startup_lpc11.o  ./src/adc_main.o  ./driver/adc.o ./driver/crp.o ./driver/debug_printf.o ./driver/gpio.o  ./cmsis/core_cm0.o ./cmsis/system_LPC11xx.o   -llib_small_printf_m0
Finished building target: adc.axf
 
make --no-print-directory post-build
Performing post-build steps
arm-none-eabi-size adc.axf; arm-none-eabi-objcopy -O binary adc.axf adc.bin ; checksum -p LPC1115_303 -d adc.bin;
   text	   data	    bss	    dec	    hex	filename
  11832	      4	    380	  12216	   2fb8	adc.axf
Written checksum 0xefffd635 at offset 0x1c in file adc.bin
Previous value 0x00000000 at offset 0x1c in file adc.bin
 
19:39:24 **** Incremental Build of configuration Debug for project adc ****
make -r all 
make: Nothing to be done for `all'.
19:54:25 **** Incremental Build of configuration Lib for project lib_small_printf_m0 ****
make -r all 
make: Nothing to be done for `all'.
19:54:25 **** Incremental Build of configuration Debug for project adc ****
make -r all 
Building file: ../src/adc_main.c
Invoking: MCU C Compiler
arm-none-eabi-gcc -D__REDLIB__ -D__USE_CMSIS -DDEBUG -D__CODE_RED -I../cmsis -I"C:\Users\dell\Documents\LPCXpresso_8.2.2_650\workspace\lib_small_printf_m0\inc" -I../config -I../driver -O0 -g3 -Wall -c -fmessage-length=0 -fno-builtin -ffunction-sections -fdata-sections -mcpu=cortex-m0 -mthumb -D__REDLIB__ -specs=redlib.specs -MMD -MP -MF"src/adc_main.d" -MT"src/adc_main.o" -MT"src/adc_main.d" -o "src/adc_main.o" "../src/adc_main.c"
../src/adc_main.c: In function 'main':
../src/adc_main.c:98:19: error: called object 'ADCValue' is not a function or function pointer
  uint32_t input = ADCValue(0);
                   ^
In file included from ../src/adc_main.c:14:0:
../driver/adc.h:58:26: note: declared here
 extern volatile uint32_t ADCValue[ADC_NUM];
                          ^
../src/adc_main.c:99:2: warning: implicit declaration of function 'printf' [-Wimplicit-function-declaration]
  printf("%d",input);
  ^
../src/adc_main.c:84:12: warning: unused variable 'i' [-Wunused-variable]
   uint32_t i;
            ^
make: *** [src/adc_main.o] Error 1
19:54:27 **** Incremental Build of configuration Debug for project adc ****
make -r all 
Building file: ../src/adc_main.c
Invoking: MCU C Compiler
arm-none-eabi-gcc -D__REDLIB__ -D__USE_CMSIS -DDEBUG -D__CODE_RED -I../cmsis -I"C:\Users\dell\Documents\LPCXpresso_8.2.2_650\workspace\lib_small_printf_m0\inc" -I../config -I../driver -O0 -g3 -Wall -c -fmessage-length=0 -fno-builtin -ffunction-sections -fdata-sections -mcpu=cortex-m0 -mthumb -D__REDLIB__ -specs=redlib.specs -MMD -MP -MF"src/adc_main.d" -MT"src/adc_main.o" -MT"src/adc_main.d" -o "src/adc_main.o" "../src/adc_main.c"
../src/adc_main.c: In function 'main':
../src/adc_main.c:98:19: error: called object 'ADCValue' is not a function or function pointer
  uint32_t input = ADCValue(0);
                   ^
In file included from ../src/adc_main.c:14:0:
../driver/adc.h:58:26: note: declared here
 extern volatile uint32_t ADCValue[ADC_NUM];
                          ^
../src/adc_main.c:99:2: warning: implicit declaration of function 'printf' [-Wimplicit-function-declaration]
  printf("%d",input);
  ^
../src/adc_main.c:84:12: warning: unused variable 'i' [-Wunused-variable]
   uint32_t i;
            ^
make: *** [src/adc_main.o] Error 1
19:56:18 **** Incremental Build of configuration Lib for project lib_small_printf_m0 ****
make -r all 
make: Nothing to be done for `all'.
19:56:19 **** Incremental Build of configuration Debug for project adc ****
make -r all 
Building file: ../src/adc_main.c
Invoking: MCU C Compiler
arm-none-eabi-gcc -D__REDLIB__ -D__USE_CMSIS -DDEBUG -D__CODE_RED -I../cmsis -I"C:\Users\dell\Documents\LPCXpresso_8.2.2_650\workspace\lib_small_printf_m0\inc" -I../config -I../driver -O0 -g3 -Wall -c -fmessage-length=0 -fno-builtin -ffunction-sections -fdata-sections -mcpu=cortex-m0 -mthumb -D__REDLIB__ -specs=redlib.specs -MMD -MP -MF"src/adc_main.d" -MT"src/adc_main.o" -MT"src/adc_main.d" -o "src/adc_main.o" "../src/adc_main.c"
../src/adc_main.c: In function 'main':
../src/adc_main.c:99:2: warning: implicit declaration of function 'printf' [-Wimplicit-function-declaration]
  printf("%d",input);
  ^
../src/adc_main.c:84:12: warning: unused variable 'i' [-Wunused-variable]
   uint32_t i;
            ^
Finished building: ../src/adc_main.c
 
Building target: adc.axf
Invoking: MCU Linker
arm-none-eabi-gcc -nostdlib -L"C:\Users\dell\Documents\LPCXpresso_8.2.2_650\workspace\lib_small_printf_m0\Lib" -Xlinker -Map=adc.map -Xlinker --gc-sections -mcpu=cortex-m0 -mthumb -T "../linker/lpc1114_flash_crp.ld" -o "adc.axf"  ./startup/cr_startup_lpc11.o  ./src/adc_main.o  ./driver/adc.o ./driver/crp.o ./driver/debug_printf.o ./driver/gpio.o  ./cmsis/core_cm0.o ./cmsis/system_LPC11xx.o   -llib_small_printf_m0
Finished building target: adc.axf
 
make --no-print-directory post-build
Performing post-build steps
arm-none-eabi-size adc.axf; arm-none-eabi-objcopy -O binary adc.axf adc.bin ; checksum -p LPC1115_303 -d adc.bin;
   text	   data	    bss	    dec	    hex	filename
  13224	      4	    464	  13692	   357c	adc.axf
Written checksum 0xefffd635 at offset 0x1c in file adc.bin
Previous value 0x00000000 at offset 0x1c in file adc.bin
 
19:56:21 **** Incremental Build of configuration Debug for project adc ****
make -r all 
make: Nothing to be done for `all'.
19:56:59 **** Incremental Build of configuration Lib for project lib_small_printf_m0 ****
make -r all 
make: Nothing to be done for `all'.
19:57:00 **** Incremental Build of configuration Debug for project adc ****
make -r all 
Building file: ../src/adc_main.c
Invoking: MCU C Compiler
arm-none-eabi-gcc -D__REDLIB__ -D__USE_CMSIS -DDEBUG -D__CODE_RED -I../cmsis -I"C:\Users\dell\Documents\LPCXpresso_8.2.2_650\workspace\lib_small_printf_m0\inc" -I../config -I../driver -O0 -g3 -Wall -c -fmessage-length=0 -fno-builtin -ffunction-sections -fdata-sections -mcpu=cortex-m0 -mthumb -D__REDLIB__ -specs=redlib.specs -MMD -MP -MF"src/adc_main.d" -MT"src/adc_main.o" -MT"src/adc_main.d" -o "src/adc_main.o" "../src/adc_main.c"
../src/adc_main.c: In function 'main':
../src/adc_main.c:99:2: warning: implicit declaration of function 'printf' [-Wimplicit-function-declaration]
  printf("%d",input);
  ^
../src/adc_main.c:84:12: warning: unused variable 'i' [-Wunused-variable]
   uint32_t i;
            ^
Finished building: ../src/adc_main.c
 
Building target: adc.axf
Invoking: MCU Linker
arm-none-eabi-gcc -nostdlib -L"C:\Users\dell\Documents\LPCXpresso_8.2.2_650\workspace\lib_small_printf_m0\Lib" -Xlinker -Map=adc.map -Xlinker --gc-sections -mcpu=cortex-m0 -mthumb -T "../linker/lpc1114_flash_crp.ld" -o "adc.axf"  ./startup/cr_startup_lpc11.o  ./src/adc_main.o  ./driver/adc.o ./driver/crp.o ./driver/debug_printf.o ./driver/gpio.o  ./cmsis/core_cm0.o ./cmsis/system_LPC11xx.o   -llib_small_printf_m0
Finished building target: adc.axf
 
make --no-print-directory post-build
Performing post-build steps
arm-none-eabi-size adc.axf; arm-none-eabi-objcopy -O binary adc.axf adc.bin ; checksum -p LPC1115_303 -d adc.bin;
   text	   data	    bss	    dec	    hex	filename
  11832	      4	    380	  12216	   2fb8	adc.axf
Written checksum 0xefffd635 at offset 0x1c in file adc.bin
Previous value 0x00000000 at offset 0x1c in file adc.bin
 
19:57:02 **** Incremental Build of configuration Debug for project adc ****
make -r all 
make: Nothing to be done for `all'.
20:02:31 **** Incremental Build of configuration Lib for project lib_small_printf_m0 ****
make -r all 
make: Nothing to be done for `all'.
20:02:31 **** Incremental Build of configuration Debug for project adc ****
make -r all 
make: Nothing to be done for `all'.
20:02:33 **** Incremental Build of configuration Debug for project adc ****
make -r all 
make: Nothing to be done for `all'.
20:20:41 **** Incremental Build of configuration Lib for project lib_small_printf_m0 ****
make -r all 
make: Nothing to be done for `all'.
20:20:42 **** Incremental Build of configuration Debug for project adc ****
make -r all 
Building file: ../src/adc_main.c
Invoking: MCU C Compiler
arm-none-eabi-gcc -D__REDLIB__ -D__USE_CMSIS -DDEBUG -D__CODE_RED -I../cmsis -I"C:\Users\dell\Documents\LPCXpresso_8.2.2_650\workspace\lib_small_printf_m0\inc" -I../config -I../driver -O0 -g3 -Wall -c -fmessage-length=0 -fno-builtin -ffunction-sections -fdata-sections -mcpu=cortex-m0 -mthumb -D__REDLIB__ -specs=redlib.specs -MMD -MP -MF"src/adc_main.d" -MT"src/adc_main.o" -MT"src/adc_main.d" -o "src/adc_main.o" "../src/adc_main.c"
../src/adc_main.c: In function 'main':
../src/adc_main.c:100:2: warning: implicit declaration of function 'printf' [-Wimplicit-function-declaration]
  printf("%d \t",input);
  ^
../src/adc_main.c:84:12: warning: unused variable 'i' [-Wunused-variable]
   uint32_t i;
            ^
Finished building: ../src/adc_main.c
 
Building target: adc.axf
Invoking: MCU Linker
arm-none-eabi-gcc -nostdlib -L"C:\Users\dell\Documents\LPCXpresso_8.2.2_650\workspace\lib_small_printf_m0\Lib" -Xlinker -Map=adc.map -Xlinker --gc-sections -mcpu=cortex-m0 -mthumb -T "../linker/lpc1114_flash_crp.ld" -o "adc.axf"  ./startup/cr_startup_lpc11.o  ./src/adc_main.o  ./driver/adc.o ./driver/crp.o ./driver/debug_printf.o ./driver/gpio.o  ./cmsis/core_cm0.o ./cmsis/system_LPC11xx.o   -llib_small_printf_m0
Finished building target: adc.axf
 
make --no-print-directory post-build
Performing post-build steps
arm-none-eabi-size adc.axf; arm-none-eabi-objcopy -O binary adc.axf adc.bin ; checksum -p LPC1115_303 -d adc.bin;
   text	   data	    bss	    dec	    hex	filename
  13560	      4	    464	  14028	   36cc	adc.axf
Written checksum 0xefffd635 at offset 0x1c in file adc.bin
Previous value 0x00000000 at offset 0x1c in file adc.bin
 
20:20:45 **** Incremental Build of configuration Debug for project adc ****
make -r all 
make: Nothing to be done for `all'.
20:24:13 **** Incremental Build of configuration Lib for project lib_small_printf_m0 ****
make -r all 
make: Nothing to be done for `all'.
20:24:13 **** Incremental Build of configuration Debug for project adc ****
make -r all 
Building file: ../src/adc_main.c
Invoking: MCU C Compiler
arm-none-eabi-gcc -D__REDLIB__ -D__USE_CMSIS -DDEBUG -D__CODE_RED -I../cmsis -I"C:\Users\dell\Documents\LPCXpresso_8.2.2_650\workspace\lib_small_printf_m0\inc" -I../config -I../driver -O0 -g3 -Wall -c -fmessage-length=0 -fno-builtin -ffunction-sections -fdata-sections -mcpu=cortex-m0 -mthumb -D__REDLIB__ -specs=redlib.specs -MMD -MP -MF"src/adc_main.d" -MT"src/adc_main.o" -MT"src/adc_main.d" -o "src/adc_main.o" "../src/adc_main.c"
../src/adc_main.c: In function 'main':
../src/adc_main.c:100:2: warning: implicit declaration of function 'printf' [-Wimplicit-function-declaration]
  printf("%d \t",input);
  ^
../src/adc_main.c:84:12: warning: unused variable 'i' [-Wunused-variable]
   uint32_t i;
            ^
Finished building: ../src/adc_main.c
 
Building target: adc.axf
Invoking: MCU Linker
arm-none-eabi-gcc -nostdlib -L"C:\Users\dell\Documents\LPCXpresso_8.2.2_650\workspace\lib_small_printf_m0\Lib" -Xlinker -Map=adc.map -Xlinker --gc-sections -mcpu=cortex-m0 -mthumb -T "../linker/lpc1114_flash_crp.ld" -o "adc.axf"  ./startup/cr_startup_lpc11.o  ./src/adc_main.o  ./driver/adc.o ./driver/crp.o ./driver/debug_printf.o ./driver/gpio.o  ./cmsis/core_cm0.o ./cmsis/system_LPC11xx.o   -llib_small_printf_m0
Finished building target: adc.axf
 
make --no-print-directory post-build
Performing post-build steps
arm-none-eabi-size adc.axf; arm-none-eabi-objcopy -O binary adc.axf adc.bin ; checksum -p LPC1115_303 -d adc.bin;
   text	   data	    bss	    dec	    hex	filename
  12128	      4	    380	  12512	   30e0	adc.axf
Written checksum 0xefffd635 at offset 0x1c in file adc.bin
Previous value 0x00000000 at offset 0x1c in file adc.bin
 
20:24:16 **** Incremental Build of configuration Debug for project adc ****
make -r all 
make: Nothing to be done for `all'.
20:28:16 **** Incremental Build of configuration Lib for project lib_small_printf_m0 ****
make -r all 
make: Nothing to be done for `all'.
20:28:17 **** Incremental Build of configuration Debug for project adc ****
make -r all 
Building file: ../src/adc_main.c
Invoking: MCU C Compiler
arm-none-eabi-gcc -D__REDLIB__ -D__USE_CMSIS -DDEBUG -D__CODE_RED -I../cmsis -I"C:\Users\dell\Documents\LPCXpresso_8.2.2_650\workspace\lib_small_printf_m0\inc" -I../config -I../driver -O0 -g3 -Wall -c -fmessage-length=0 -fno-builtin -ffunction-sections -fdata-sections -mcpu=cortex-m0 -mthumb -D__REDLIB__ -specs=redlib.specs -MMD -MP -MF"src/adc_main.d" -MT"src/adc_main.o" -MT"src/adc_main.d" -o "src/adc_main.o" "../src/adc_main.c"
../src/adc_main.c: In function 'main':
../src/adc_main.c:100:2: warning: implicit declaration of function 'printf' [-Wimplicit-function-declaration]
  printf("%d V \t",input);
  ^
../src/adc_main.c:84:12: warning: unused variable 'i' [-Wunused-variable]
   uint32_t i;
            ^
Finished building: ../src/adc_main.c
 
Building target: adc.axf
Invoking: MCU Linker
arm-none-eabi-gcc -nostdlib -L"C:\Users\dell\Documents\LPCXpresso_8.2.2_650\workspace\lib_small_printf_m0\Lib" -Xlinker -Map=adc.map -Xlinker --gc-sections -mcpu=cortex-m0 -mthumb -T "../linker/lpc1114_flash_crp.ld" -o "adc.axf"  ./startup/cr_startup_lpc11.o  ./src/adc_main.o  ./driver/adc.o ./driver/crp.o ./driver/debug_printf.o ./driver/gpio.o  ./cmsis/core_cm0.o ./cmsis/system_LPC11xx.o   -llib_small_printf_m0
Finished building target: adc.axf
 
make --no-print-directory post-build
Performing post-build steps
arm-none-eabi-size adc.axf; arm-none-eabi-objcopy -O binary adc.axf adc.bin ; checksum -p LPC1115_303 -d adc.bin;
   text	   data	    bss	    dec	    hex	filename
  12128	      4	    380	  12512	   30e0	adc.axf
Written checksum 0xefffd635 at offset 0x1c in file adc.bin
Previous value 0x00000000 at offset 0x1c in file adc.bin
 
20:28:19 **** Incremental Build of configuration Debug for project adc ****
make -r all 
make: Nothing to be done for `all'.
20:31:16 **** Incremental Build of configuration Lib for project lib_small_printf_m0 ****
make -r all 
make: Nothing to be done for `all'.
20:31:17 **** Incremental Build of configuration Debug for project adc ****
make -r all 
Building file: ../src/adc_main.c
Invoking: MCU C Compiler
arm-none-eabi-gcc -D__REDLIB__ -D__USE_CMSIS -DDEBUG -D__CODE_RED -I../cmsis -I"C:\Users\dell\Documents\LPCXpresso_8.2.2_650\workspace\lib_small_printf_m0\inc" -I../config -I../driver -O0 -g3 -Wall -c -fmessage-length=0 -fno-builtin -ffunction-sections -fdata-sections -mcpu=cortex-m0 -mthumb -D__REDLIB__ -specs=redlib.specs -MMD -MP -MF"src/adc_main.d" -MT"src/adc_main.o" -MT"src/adc_main.d" -o "src/adc_main.o" "../src/adc_main.c"
../src/adc_main.c: In function 'main':
../src/adc_main.c:100:2: warning: implicit declaration of function 'printf' [-Wimplicit-function-declaration]
  printf("%f V \t",input);
  ^
../src/adc_main.c:84:12: warning: unused variable 'i' [-Wunused-variable]
   uint32_t i;
            ^
Finished building: ../src/adc_main.c
 
Building target: adc.axf
Invoking: MCU Linker
arm-none-eabi-gcc -nostdlib -L"C:\Users\dell\Documents\LPCXpresso_8.2.2_650\workspace\lib_small_printf_m0\Lib" -Xlinker -Map=adc.map -Xlinker --gc-sections -mcpu=cortex-m0 -mthumb -T "../linker/lpc1114_flash_crp.ld" -o "adc.axf"  ./startup/cr_startup_lpc11.o  ./src/adc_main.o  ./driver/adc.o ./driver/crp.o ./driver/debug_printf.o ./driver/gpio.o  ./cmsis/core_cm0.o ./cmsis/system_LPC11xx.o   -llib_small_printf_m0
Finished building target: adc.axf
 
make --no-print-directory post-build
Performing post-build steps
arm-none-eabi-size adc.axf; arm-none-eabi-objcopy -O binary adc.axf adc.bin ; checksum -p LPC1115_303 -d adc.bin;
   text	   data	    bss	    dec	    hex	filename
  12128	      4	    380	  12512	   30e0	adc.axf
Written checksum 0xefffd635 at offset 0x1c in file adc.bin
Previous value 0x00000000 at offset 0x1c in file adc.bin
 
20:31:19 **** Incremental Build of configuration Debug for project adc ****
make -r all 
make: Nothing to be done for `all'.
21:31:12 **** Incremental Build of configuration Lib for project lib_small_printf_m0 ****
make -r all 
make: Nothing to be done for `all'.
21:31:13 **** Clean-only build of configuration Debug for project adc ****
make -r clean 
rm -rf  ./startup/cr_startup_lpc11.o  ./src/adc_main.o  ./driver/adc.o ./driver/crp.o ./driver/debug_printf.o ./driver/gpio.o  ./cmsis/core_cm0.o ./cmsis/system_LPC11xx.o  ./startup/cr_startup_lpc11.d  ./src/adc_main.d  ./driver/adc.d ./driver/crp.d ./driver/debug_printf.d ./driver/gpio.d  ./cmsis/core_cm0.d ./cmsis/system_LPC11xx.d  adc.axf
 
21:31:13 **** Incremental Build of configuration Debug for project adc ****
make -r all 
Building file: ../startup/cr_startup_lpc11.c
Invoking: MCU C Compiler
arm-none-eabi-gcc -D__REDLIB__ -D__USE_CMSIS -DDEBUG -D__CODE_RED -I../cmsis -I"C:\Users\dell\Documents\LPCXpresso_8.2.2_650\workspace\lib_small_printf_m0\inc" -I../config -I../driver -O0 -g3 -Wall -c -fmessage-length=0 -fno-builtin -ffunction-sections -fdata-sections -mcpu=cortex-m0 -mthumb -D__REDLIB__ -specs=redlib.specs -MMD -MP -MF"startup/cr_startup_lpc11.d" -MT"startup/cr_startup_lpc11.o" -MT"startup/cr_startup_lpc11.d" -o "startup/cr_startup_lpc11.o" "../startup/cr_startup_lpc11.c"
Finished building: ../startup/cr_startup_lpc11.c
 
Building file: ../src/adc_main.c
Invoking: MCU C Compiler
arm-none-eabi-gcc -D__REDLIB__ -D__USE_CMSIS -DDEBUG -D__CODE_RED -I../cmsis -I"C:\Users\dell\Documents\LPCXpresso_8.2.2_650\workspace\lib_small_printf_m0\inc" -I../config -I../driver -O0 -g3 -Wall -c -fmessage-length=0 -fno-builtin -ffunction-sections -fdata-sections -mcpu=cortex-m0 -mthumb -D__REDLIB__ -specs=redlib.specs -MMD -MP -MF"src/adc_main.d" -MT"src/adc_main.o" -MT"src/adc_main.d" -o "src/adc_main.o" "../src/adc_main.c"
../src/adc_main.c: In function 'main':
../src/adc_main.c:104:2: warning: implicit declaration of function 'printf' [-Wimplicit-function-declaration]
  printf("%f V \t",input);
  ^
../src/adc_main.c:85:12: warning: unused variable 'i' [-Wunused-variable]
   uint32_t i;
            ^
Finished building: ../src/adc_main.c
 
Building file: ../driver/adc.c
Invoking: MCU C Compiler
arm-none-eabi-gcc -D__REDLIB__ -D__USE_CMSIS -DDEBUG -D__CODE_RED -I../cmsis -I"C:\Users\dell\Documents\LPCXpresso_8.2.2_650\workspace\lib_small_printf_m0\inc" -I../config -I../driver -O0 -g3 -Wall -c -fmessage-length=0 -fno-builtin -ffunction-sections -fdata-sections -mcpu=cortex-m0 -mthumb -D__REDLIB__ -specs=redlib.specs -MMD -MP -MF"driver/adc.d" -MT"driver/adc.o" -MT"driver/adc.d" -o "driver/adc.o" "../driver/adc.c"
Finished building: ../driver/adc.c
 
Building file: ../driver/crp.c
Invoking: MCU C Compiler
arm-none-eabi-gcc -D__REDLIB__ -D__USE_CMSIS -DDEBUG -D__CODE_RED -I../cmsis -I"C:\Users\dell\Documents\LPCXpresso_8.2.2_650\workspace\lib_small_printf_m0\inc" -I../config -I../driver -O0 -g3 -Wall -c -fmessage-length=0 -fno-builtin -ffunction-sections -fdata-sections -mcpu=cortex-m0 -mthumb -D__REDLIB__ -specs=redlib.specs -MMD -MP -MF"driver/crp.d" -MT"driver/crp.o" -MT"driver/crp.d" -o "driver/crp.o" "../driver/crp.c"
Finished building: ../driver/crp.c
 
Building file: ../driver/debug_printf.c
Invoking: MCU C Compiler
arm-none-eabi-gcc -D__REDLIB__ -D__USE_CMSIS -DDEBUG -D__CODE_RED -I../cmsis -I"C:\Users\dell\Documents\LPCXpresso_8.2.2_650\workspace\lib_small_printf_m0\inc" -I../config -I../driver -O0 -g3 -Wall -c -fmessage-length=0 -fno-builtin -ffunction-sections -fdata-sections -mcpu=cortex-m0 -mthumb -D__REDLIB__ -specs=redlib.specs -MMD -MP -MF"driver/debug_printf.d" -MT"driver/debug_printf.o" -MT"driver/debug_printf.d" -o "driver/debug_printf.o" "../driver/debug_printf.c"
Finished building: ../driver/debug_printf.c
 
Building file: ../driver/gpio.c
Invoking: MCU C Compiler
arm-none-eabi-gcc -D__REDLIB__ -D__USE_CMSIS -DDEBUG -D__CODE_RED -I../cmsis -I"C:\Users\dell\Documents\LPCXpresso_8.2.2_650\workspace\lib_small_printf_m0\inc" -I../config -I../driver -O0 -g3 -Wall -c -fmessage-length=0 -fno-builtin -ffunction-sections -fdata-sections -mcpu=cortex-m0 -mthumb -D__REDLIB__ -specs=redlib.specs -MMD -MP -MF"driver/gpio.d" -MT"driver/gpio.o" -MT"driver/gpio.d" -o "driver/gpio.o" "../driver/gpio.c"
Finished building: ../driver/gpio.c
 
Building file: ../driver/timer32.c
Invoking: MCU C Compiler
arm-none-eabi-gcc -D__REDLIB__ -D__USE_CMSIS -DDEBUG -D__CODE_RED -I../cmsis -I"C:\Users\dell\Documents\LPCXpresso_8.2.2_650\workspace\lib_small_printf_m0\inc" -I../config -I../driver -O0 -g3 -Wall -c -fmessage-length=0 -fno-builtin -ffunction-sections -fdata-sections -mcpu=cortex-m0 -mthumb -D__REDLIB__ -specs=redlib.specs -MMD -MP -MF"driver/timer32.d" -MT"driver/timer32.o" -MT"driver/timer32.d" -o "driver/timer32.o" "../driver/timer32.c"
Finished building: ../driver/timer32.c
 
Building file: ../cmsis/core_cm0.c
Invoking: MCU C Compiler
arm-none-eabi-gcc -D__REDLIB__ -D__USE_CMSIS -DDEBUG -D__CODE_RED -I../cmsis -I"C:\Users\dell\Documents\LPCXpresso_8.2.2_650\workspace\lib_small_printf_m0\inc" -I../config -I../driver -O0 -Os -g3 -Wall -c -fmessage-length=0 -fno-builtin -ffunction-sections -fdata-sections -mcpu=cortex-m0 -mthumb -D__REDLIB__ -specs=redlib.specs -MMD -MP -MF"cmsis/core_cm0.d" -MT"cmsis/core_cm0.d" -o "cmsis/core_cm0.o" "../cmsis/core_cm0.c"
Finished building: ../cmsis/core_cm0.c
 
Building file: ../cmsis/system_LPC11xx.c
Invoking: MCU C Compiler
arm-none-eabi-gcc -D__REDLIB__ -D__USE_CMSIS -DDEBUG -D__CODE_RED -I../cmsis -I"C:\Users\dell\Documents\LPCXpresso_8.2.2_650\workspace\lib_small_printf_m0\inc" -I../config -I../driver -O0 -Os -g3 -Wall -c -fmessage-length=0 -fno-builtin -ffunction-sections -fdata-sections -mcpu=cortex-m0 -mthumb -D__REDLIB__ -specs=redlib.specs -MMD -MP -MF"cmsis/system_LPC11xx.d" -MT"cmsis/system_LPC11xx.d" -o "cmsis/system_LPC11xx.o" "../cmsis/system_LPC11xx.c"
Finished building: ../cmsis/system_LPC11xx.c
 
Building target: adc.axf
Invoking: MCU Linker
arm-none-eabi-gcc -nostdlib -L"C:\Users\dell\Documents\LPCXpresso_8.2.2_650\workspace\lib_small_printf_m0\Lib" -Xlinker -Map=adc.map -Xlinker --gc-sections -mcpu=cortex-m0 -mthumb -T "../linker/lpc1114_flash_crp.ld" -o "adc.axf"  ./startup/cr_startup_lpc11.o  ./src/adc_main.o  ./driver/adc.o ./driver/crp.o ./driver/debug_printf.o ./driver/gpio.o ./driver/timer32.o  ./cmsis/core_cm0.o ./cmsis/system_LPC11xx.o   -llib_small_printf_m0
Finished building target: adc.axf
 
make --no-print-directory post-build
Performing post-build steps
arm-none-eabi-size adc.axf; arm-none-eabi-objcopy -O binary adc.axf adc.bin ; checksum -p LPC1115_303 -d adc.bin;
   text	   data	    bss	    dec	    hex	filename
  12664	      4	    388	  13056	   3300	adc.axf
Written checksum 0xefffd635 at offset 0x1c in file adc.bin
Previous value 0x00000000 at offset 0x1c in file adc.bin
 
21:49:37 **** Incremental Build of configuration Lib for project lib_small_printf_m0 ****
make -r all 
make: Nothing to be done for `all'.
21:49:38 **** Incremental Build of configuration Debug for project adc ****
make -r all 
Building file: ../src/adc_main.c
Invoking: MCU C Compiler
arm-none-eabi-gcc -D__REDLIB__ -D__USE_CMSIS -DDEBUG -D__CODE_RED -I../cmsis -I"C:\Users\dell\Documents\LPCXpresso_8.2.2_650\workspace\lib_small_printf_m0\inc" -I../config -I../driver -O0 -g3 -Wall -c -fmessage-length=0 -fno-builtin -ffunction-sections -fdata-sections -mcpu=cortex-m0 -mthumb -D__REDLIB__ -specs=redlib.specs -MMD -MP -MF"src/adc_main.d" -MT"src/adc_main.o" -MT"src/adc_main.d" -o "src/adc_main.o" "../src/adc_main.c"
../src/adc_main.c: In function 'main':
../src/adc_main.c:121:8: warning: unused variable 'input' [-Wunused-variable]
  float input = (3.3/1023)*(float)ADCValue[0];
        ^
../src/adc_main.c:85:12: warning: unused variable 'i' [-Wunused-variable]
   uint32_t i;
            ^
Finished building: ../src/adc_main.c
 
Building target: adc.axf
Invoking: MCU Linker
arm-none-eabi-gcc -nostdlib -L"C:\Users\dell\Documents\LPCXpresso_8.2.2_650\workspace\lib_small_printf_m0\Lib" -Xlinker -Map=adc.map -Xlinker --gc-sections -mcpu=cortex-m0 -mthumb -T "../linker/lpc1114_flash_crp.ld" -o "adc.axf"  ./startup/cr_startup_lpc11.o  ./src/adc_main.o  ./driver/adc.o ./driver/crp.o ./driver/debug_printf.o ./driver/gpio.o ./driver/timer32.o  ./cmsis/core_cm0.o ./cmsis/system_LPC11xx.o   -llib_small_printf_m0
Finished building target: adc.axf
 
make --no-print-directory post-build
Performing post-build steps
arm-none-eabi-size adc.axf; arm-none-eabi-objcopy -O binary adc.axf adc.bin ; checksum -p LPC1115_303 -d adc.bin;
   text	   data	    bss	    dec	    hex	filename
   3560	      4	     48	   3612	    e1c	adc.axf
Written checksum 0xefffd635 at offset 0x1c in file adc.bin
Previous value 0x00000000 at offset 0x1c in file adc.bin
 
21:49:48 **** Incremental Build of configuration Lib for project lib_small_printf_m0 ****
make -r all 
make: Nothing to be done for `all'.
21:49:48 **** Incremental Build of configuration Debug for project adc ****
make -r all 
make: Nothing to be done for `all'.
21:49:50 **** Incremental Build of configuration Debug for project adc ****
make -r all 
make: Nothing to be done for `all'.
21:57:50 **** Incremental Build of configuration Lib for project lib_small_printf_m0 ****
make -r all 
make: Nothing to be done for `all'.
21:57:50 **** Incremental Build of configuration Debug for project adc ****
make -r all 
Building file: ../src/adc_main.c
Invoking: MCU C Compiler
arm-none-eabi-gcc -D__REDLIB__ -D__USE_CMSIS -DDEBUG -D__CODE_RED -I../cmsis -I"C:\Users\dell\Documents\LPCXpresso_8.2.2_650\workspace\lib_small_printf_m0\inc" -I../config -I../driver -O0 -g3 -Wall -c -fmessage-length=0 -fno-builtin -ffunction-sections -fdata-sections -mcpu=cortex-m0 -mthumb -D__REDLIB__ -specs=redlib.specs -MMD -MP -MF"src/adc_main.d" -MT"src/adc_main.o" -MT"src/adc_main.d" -o "src/adc_main.o" "../src/adc_main.c"
../src/adc_main.c: In function 'main':
../src/adc_main.c:125:8: warning: unused variable 'Vcc' [-Wunused-variable]
  float Vcc = (3.3/1023)*(float)ADCValue[0];
        ^
../src/adc_main.c:85:12: warning: unused variable 'i' [-Wunused-variable]
   uint32_t i;
            ^
Finished building: ../src/adc_main.c
 
Building target: adc.axf
Invoking: MCU Linker
arm-none-eabi-gcc -nostdlib -L"C:\Users\dell\Documents\LPCXpresso_8.2.2_650\workspace\lib_small_printf_m0\Lib" -Xlinker -Map=adc.map -Xlinker --gc-sections -mcpu=cortex-m0 -mthumb -T "../linker/lpc1114_flash_crp.ld" -o "adc.axf"  ./startup/cr_startup_lpc11.o  ./src/adc_main.o  ./driver/adc.o ./driver/crp.o ./driver/debug_printf.o ./driver/gpio.o ./driver/timer32.o  ./cmsis/core_cm0.o ./cmsis/system_LPC11xx.o   -llib_small_printf_m0
Finished building target: adc.axf
 
make --no-print-directory post-build
Performing post-build steps
arm-none-eabi-size adc.axf; arm-none-eabi-objcopy -O binary adc.axf adc.bin ; checksum -p LPC1115_303 -d adc.bin;
   text	   data	    bss	    dec	    hex	filename
   3588	      4	     48	   3640	    e38	adc.axf
Written checksum 0xefffd635 at offset 0x1c in file adc.bin
Previous value 0x00000000 at offset 0x1c in file adc.bin
 
21:58:51 **** Incremental Build of configuration Lib for project lib_small_printf_m0 ****
make -r all 
make: Nothing to be done for `all'.
21:58:51 **** Incremental Build of configuration Debug for project adc ****
make -r all 
Building file: ../src/adc_main.c
Invoking: MCU C Compiler
arm-none-eabi-gcc -D__REDLIB__ -D__USE_CMSIS -DDEBUG -D__CODE_RED -I../cmsis -I"C:\Users\dell\Documents\LPCXpresso_8.2.2_650\workspace\lib_small_printf_m0\inc" -I../config -I../driver -O0 -g3 -Wall -c -fmessage-length=0 -fno-builtin -ffunction-sections -fdata-sections -mcpu=cortex-m0 -mthumb -D__REDLIB__ -specs=redlib.specs -MMD -MP -MF"src/adc_main.d" -MT"src/adc_main.o" -MT"src/adc_main.d" -o "src/adc_main.o" "../src/adc_main.c"
../src/adc_main.c: In function 'main':
../src/adc_main.c:85:12: warning: unused variable 'i' [-Wunused-variable]
   uint32_t i;
            ^
Finished building: ../src/adc_main.c
 
Building target: adc.axf
Invoking: MCU Linker
arm-none-eabi-gcc -nostdlib -L"C:\Users\dell\Documents\LPCXpresso_8.2.2_650\workspace\lib_small_printf_m0\Lib" -Xlinker -Map=adc.map -Xlinker --gc-sections -mcpu=cortex-m0 -mthumb -T "../linker/lpc1114_flash_crp.ld" -o "adc.axf"  ./startup/cr_startup_lpc11.o  ./src/adc_main.o  ./driver/adc.o ./driver/crp.o ./driver/debug_printf.o ./driver/gpio.o ./driver/timer32.o  ./cmsis/core_cm0.o ./cmsis/system_LPC11xx.o   -llib_small_printf_m0
Finished building target: adc.axf
 
make --no-print-directory post-build
Performing post-build steps
arm-none-eabi-size adc.axf; arm-none-eabi-objcopy -O binary adc.axf adc.bin ; checksum -p LPC1115_303 -d adc.bin;
   text	   data	    bss	    dec	    hex	filename
   2828	      4	     48	   2880	    b40	adc.axf
Written checksum 0xefffd635 at offset 0x1c in file adc.bin
Previous value 0x00000000 at offset 0x1c in file adc.bin
 
21:59:07 **** Incremental Build of configuration Lib for project lib_small_printf_m0 ****
make -r all 
make: Nothing to be done for `all'.
21:59:07 **** Incremental Build of configuration Debug for project adc ****
make -r all 
make: Nothing to be done for `all'.
21:59:09 **** Incremental Build of configuration Debug for project adc ****
make -r all 
make: Nothing to be done for `all'.
22:01:56 **** Incremental Build of configuration Lib for project lib_small_printf_m0 ****
make -r all 
make: Nothing to be done for `all'.
22:01:57 **** Incremental Build of configuration Debug for project adc ****
make -r all 
Building file: ../src/adc_main.c
Invoking: MCU C Compiler
arm-none-eabi-gcc -D__REDLIB__ -D__USE_CMSIS -DDEBUG -D__CODE_RED -I../cmsis -I"C:\Users\dell\Documents\LPCXpresso_8.2.2_650\workspace\lib_small_printf_m0\inc" -I../config -I../driver -O0 -g3 -Wall -c -fmessage-length=0 -fno-builtin -ffunction-sections -fdata-sections -mcpu=cortex-m0 -mthumb -D__REDLIB__ -specs=redlib.specs -MMD -MP -MF"src/adc_main.d" -MT"src/adc_main.o" -MT"src/adc_main.d" -o "src/adc_main.o" "../src/adc_main.c"
../src/adc_main.c: In function 'main':
../src/adc_main.c:85:12: warning: unused variable 'i' [-Wunused-variable]
   uint32_t i;
            ^
Finished building: ../src/adc_main.c
 
Building target: adc.axf
Invoking: MCU Linker
arm-none-eabi-gcc -nostdlib -L"C:\Users\dell\Documents\LPCXpresso_8.2.2_650\workspace\lib_small_printf_m0\Lib" -Xlinker -Map=adc.map -Xlinker --gc-sections -mcpu=cortex-m0 -mthumb -T "../linker/lpc1114_flash_crp.ld" -o "adc.axf"  ./startup/cr_startup_lpc11.o  ./src/adc_main.o  ./driver/adc.o ./driver/crp.o ./driver/debug_printf.o ./driver/gpio.o ./driver/timer32.o  ./cmsis/core_cm0.o ./cmsis/system_LPC11xx.o   -llib_small_printf_m0
Finished building target: adc.axf
 
make --no-print-directory post-build
Performing post-build steps
arm-none-eabi-size adc.axf; arm-none-eabi-objcopy -O binary adc.axf adc.bin ; checksum -p LPC1115_303 -d adc.bin;
   text	   data	    bss	    dec	    hex	filename
   2828	      4	     48	   2880	    b40	adc.axf
Written checksum 0xefffd635 at offset 0x1c in file adc.bin
Previous value 0x00000000 at offset 0x1c in file adc.bin
 
22:01:59 **** Incremental Build of configuration Debug for project adc ****
make -r all 
make: Nothing to be done for `all'.
22:07:53 **** Incremental Build of configuration Lib for project lib_small_printf_m0 ****
make -r all 
make: Nothing to be done for `all'.
22:07:54 **** Incremental Build of configuration Debug for project adc ****
make -r all 
Building file: ../src/adc_main.c
Invoking: MCU C Compiler
arm-none-eabi-gcc -D__REDLIB__ -D__USE_CMSIS -DDEBUG -D__CODE_RED -I../cmsis -I"C:\Users\dell\Documents\LPCXpresso_8.2.2_650\workspace\lib_small_printf_m0\inc" -I../config -I../driver -O0 -g3 -Wall -c -fmessage-length=0 -fno-builtin -ffunction-sections -fdata-sections -mcpu=cortex-m0 -mthumb -D__REDLIB__ -specs=redlib.specs -MMD -MP -MF"src/adc_main.d" -MT"src/adc_main.o" -MT"src/adc_main.d" -o "src/adc_main.o" "../src/adc_main.c"
../src/adc_main.c: In function 'main':
../src/adc_main.c:85:12: warning: unused variable 'i' [-Wunused-variable]
   uint32_t i;
            ^
Finished building: ../src/adc_main.c
 
Building target: adc.axf
Invoking: MCU Linker
arm-none-eabi-gcc -nostdlib -L"C:\Users\dell\Documents\LPCXpresso_8.2.2_650\workspace\lib_small_printf_m0\Lib" -Xlinker -Map=adc.map -Xlinker --gc-sections -mcpu=cortex-m0 -mthumb -T "../linker/lpc1114_flash_crp.ld" -o "adc.axf"  ./startup/cr_startup_lpc11.o  ./src/adc_main.o  ./driver/adc.o ./driver/crp.o ./driver/debug_printf.o ./driver/gpio.o ./driver/timer32.o  ./cmsis/core_cm0.o ./cmsis/system_LPC11xx.o   -llib_small_printf_m0
Finished building target: adc.axf
 
make --no-print-directory post-build
Performing post-build steps
arm-none-eabi-size adc.axf; arm-none-eabi-objcopy -O binary adc.axf adc.bin ; checksum -p LPC1115_303 -d adc.bin;
   text	   data	    bss	    dec	    hex	filename
   2832	      4	     48	   2884	    b44	adc.axf
Written checksum 0xefffd635 at offset 0x1c in file adc.bin
Previous value 0x00000000 at offset 0x1c in file adc.bin
 
22:07:57 **** Incremental Build of configuration Debug for project adc ****
make -r all 
make: Nothing to be done for `all'.
22:11:20 **** Incremental Build of configuration Lib for project lib_small_printf_m0 ****
make -r all 
make: Nothing to be done for `all'.
22:11:21 **** Incremental Build of configuration Debug for project adc ****
make -r all 
Building file: ../src/adc_main.c
Invoking: MCU C Compiler
arm-none-eabi-gcc -D__REDLIB__ -D__USE_CMSIS -DDEBUG -D__CODE_RED -I../cmsis -I"C:\Users\dell\Documents\LPCXpresso_8.2.2_650\workspace\lib_small_printf_m0\inc" -I../config -I../driver -O0 -g3 -Wall -c -fmessage-length=0 -fno-builtin -ffunction-sections -fdata-sections -mcpu=cortex-m0 -mthumb -D__REDLIB__ -specs=redlib.specs -MMD -MP -MF"src/adc_main.d" -MT"src/adc_main.o" -MT"src/adc_main.d" -o "src/adc_main.o" "../src/adc_main.c"
../src/adc_main.c: In function 'main':
../src/adc_main.c:85:12: warning: unused variable 'i' [-Wunused-variable]
   uint32_t i;
            ^
Finished building: ../src/adc_main.c
 
Building target: adc.axf
Invoking: MCU Linker
arm-none-eabi-gcc -nostdlib -L"C:\Users\dell\Documents\LPCXpresso_8.2.2_650\workspace\lib_small_printf_m0\Lib" -Xlinker -Map=adc.map -Xlinker --gc-sections -mcpu=cortex-m0 -mthumb -T "../linker/lpc1114_flash_crp.ld" -o "adc.axf"  ./startup/cr_startup_lpc11.o  ./src/adc_main.o  ./driver/adc.o ./driver/crp.o ./driver/debug_printf.o ./driver/gpio.o ./driver/timer32.o  ./cmsis/core_cm0.o ./cmsis/system_LPC11xx.o   -llib_small_printf_m0
Finished building target: adc.axf
 
make --no-print-directory post-build
Performing post-build steps
arm-none-eabi-size adc.axf; arm-none-eabi-objcopy -O binary adc.axf adc.bin ; checksum -p LPC1115_303 -d adc.bin;
   text	   data	    bss	    dec	    hex	filename
   2824	      4	     48	   2876	    b3c	adc.axf
Written checksum 0xefffd635 at offset 0x1c in file adc.bin
Previous value 0x00000000 at offset 0x1c in file adc.bin
 
22:11:24 **** Incremental Build of configuration Debug for project adc ****
make -r all 
make: Nothing to be done for `all'.
22:13:32 **** Incremental Build of configuration Lib for project lib_small_printf_m0 ****
make -r all 
make: Nothing to be done for `all'.
22:13:33 **** Incremental Build of configuration Debug for project adc ****
make -r all 
Building file: ../src/adc_main.c
Invoking: MCU C Compiler
arm-none-eabi-gcc -D__REDLIB__ -D__USE_CMSIS -DDEBUG -D__CODE_RED -I../cmsis -I"C:\Users\dell\Documents\LPCXpresso_8.2.2_650\workspace\lib_small_printf_m0\inc" -I../config -I../driver -O0 -g3 -Wall -c -fmessage-length=0 -fno-builtin -ffunction-sections -fdata-sections -mcpu=cortex-m0 -mthumb -D__REDLIB__ -specs=redlib.specs -MMD -MP -MF"src/adc_main.d" -MT"src/adc_main.o" -MT"src/adc_main.d" -o "src/adc_main.o" "../src/adc_main.c"
../src/adc_main.c: In function 'main':
../src/adc_main.c:85:12: warning: unused variable 'i' [-Wunused-variable]
   uint32_t i;
            ^
Finished building: ../src/adc_main.c
 
Building target: adc.axf
Invoking: MCU Linker
arm-none-eabi-gcc -nostdlib -L"C:\Users\dell\Documents\LPCXpresso_8.2.2_650\workspace\lib_small_printf_m0\Lib" -Xlinker -Map=adc.map -Xlinker --gc-sections -mcpu=cortex-m0 -mthumb -T "../linker/lpc1114_flash_crp.ld" -o "adc.axf"  ./startup/cr_startup_lpc11.o  ./src/adc_main.o  ./driver/adc.o ./driver/crp.o ./driver/debug_printf.o ./driver/gpio.o ./driver/timer32.o  ./cmsis/core_cm0.o ./cmsis/system_LPC11xx.o   -llib_small_printf_m0
Finished building target: adc.axf
 
make --no-print-directory post-build
Performing post-build steps
arm-none-eabi-size adc.axf; arm-none-eabi-objcopy -O binary adc.axf adc.bin ; checksum -p LPC1115_303 -d adc.bin;
   text	   data	    bss	    dec	    hex	filename
   2824	      4	     48	   2876	    b3c	adc.axf
Written checksum 0xefffd635 at offset 0x1c in file adc.bin
Previous value 0x00000000 at offset 0x1c in file adc.bin
 
22:13:36 **** Incremental Build of configuration Debug for project adc ****
make -r all 
make: Nothing to be done for `all'.
13:11:45 **** Build of configuration Debug for project asm_xample11 ****
make -r all 
Building file: ../src/asm_sum_cm0.s
Invoking: MCU Assembler
arm-none-eabi-gcc -c -x assembler-with-cpp -DDEBUG -D__CODE_RED -D__REDLIB__ -g3 -mcpu=cortex-m0 -mthumb -D__REDLIB__ -specs=redlib.specs -o "src/asm_sum_cm0.o" "../src/asm_sum_cm0.s"
Finished building: ../src/asm_sum_cm0.s
 
Building file: ../src/cr_startup_lpc11.c
Invoking: MCU C Compiler
arm-none-eabi-gcc -DDEBUG -D__CODE_RED -D__REDLIB__ -O0 -g3 -Wall -c -fmessage-length=0 -fno-builtin -ffunction-sections -Wa,-ahlnds=cr_startup_lpc11.asm -mcpu=cortex-m0 -mthumb -D__REDLIB__ -specs=redlib.specs -MMD -MP -MF"src/cr_startup_lpc11.d" -MT"src/cr_startup_lpc11.o" -MT"src/cr_startup_lpc11.d" -o "src/cr_startup_lpc11.o" "../src/cr_startup_lpc11.c"
../src/cr_startup_lpc11.c:105:13: warning: taking address of expression of type 'void'
     (void *)&_vStackTop,        // The initial stack pointer
             ^
Finished building: ../src/cr_startup_lpc11.c
 
Building file: ../src/main.c
Invoking: MCU C Compiler
arm-none-eabi-gcc -DDEBUG -D__CODE_RED -D__REDLIB__ -O0 -g3 -Wall -c -fmessage-length=0 -fno-builtin -ffunction-sections -Wa,-ahlnds=main.asm -mcpu=cortex-m0 -mthumb -D__REDLIB__ -specs=redlib.specs -MMD -MP -MF"src/main.d" -MT"src/main.o" -MT"src/main.d" -o "src/main.o" "../src/main.c"
../src/main.c: In function 'main':
../src/main.c:9:9: warning: variable 'j' set but not used [-Wunused-but-set-variable]
  int i, j;
         ^
../src/main.c:9:6: warning: variable 'i' set but not used [-Wunused-but-set-variable]
  int i, j;
      ^
Finished building: ../src/main.c
 
Building target: asm_xample11.axf
Invoking: MCU Linker
arm-none-eabi-gcc -nostdlib -Xlinker --gc-sections -Xlinker -Map=asm_xample11.map -mcpu=cortex-m0 -mthumb -T "asm_xample11_Debug.ld" -o "asm_xample11.axf"  ./src/asm_sum_cm0.o ./src/cr_startup_lpc11.o ./src/main.o   
Finished building target: asm_xample11.axf
 
make --no-print-directory post-build
Performing post-build steps
arm-none-eabi-size asm_xample11.axf; # arm-none-eabi-objcopy -O ihex asm_xample11.axf asm_xample11.hex ;
   text	   data	    bss	    dec	    hex	filename
    484	      0	      4	    488	    1e8	asm_xample11.axf
 
13:13:40 **** Incremental Build of configuration Debug for project asm_xample11 ****
make -r all 
make: Nothing to be done for `all'.
13:13:42 **** Incremental Build of configuration Debug for project asm_xample11 ****
make -r all 
make: Nothing to be done for `all'.
13:58:54 **** Incremental Build of configuration Debug for project asm_xample11 ****
make -r all 
make: Nothing to be done for `all'.
13:58:56 **** Incremental Build of configuration Debug for project asm_xample11 ****
make -r all 
make: Nothing to be done for `all'.
11:39:42 **** Build of configuration Debug for project CMSIS_CORE_LPC11xx ****
make -r all 
Building file: ../src/system_LPC11xx.c
Invoking: MCU C Compiler
arm-none-eabi-gcc -D__REDLIB__ -DDEBUG -D__CODE_RED -D__USE_CMSIS=CMSIS_CORE_LPC11xx -I"C:\Users\dell\Documents\GitHub\DDL\workspace_AA\CMSIS_CORE_LPC11xx\inc" -Os -g3 -Wall -c -fmessage-length=0 -fno-builtin -ffunction-sections -fdata-sections -mcpu=cortex-m0 -mthumb -D__REDLIB__ -specs=redlib.specs -MMD -MP -MF"src/system_LPC11xx.d" -MT"src/system_LPC11xx.o" -MT"src/system_LPC11xx.d" -o "src/system_LPC11xx.o" "../src/system_LPC11xx.c"
Finished building: ../src/system_LPC11xx.c
 
Building target: libCMSIS_CORE_LPC11xx.a
Invoking: MCU Archiver
arm-none-eabi-ar -r  "libCMSIS_CORE_LPC11xx.a"  ./src/system_LPC11xx.o   
c:\nxp\LPCXpresso_8.2.2_650\lpcxpresso\tools\bin\arm-none-eabi-ar.exe: creating libCMSIS_CORE_LPC11xx.a
Finished building target: libCMSIS_CORE_LPC11xx.a
 
make --no-print-directory post-build
Performing post-build steps
arm-none-eabi-size "libCMSIS_CORE_LPC11xx.a" ; # arm-none-eabi-objdump -h -S "libCMSIS_CORE_LPC11xx.a" >"libCMSIS_CORE_LPC11xx.lss"
   text	   data	    bss	    dec	    hex	filename
    388	      4	      0	    392	    188	system_LPC11xx.o (ex libCMSIS_CORE_LPC11xx.a)
 
11:39:48 **** Build of configuration Debug for project lab_3 ****
make -r all 
Building file: ../src/cr_startup_lpc11xx.c
Invoking: MCU C Compiler
arm-none-eabi-gcc -DDEBUG -D__CODE_RED -DCORE_M0 -D__USE_CMSIS=CMSIS_CORE_LPC11xx -D__LPC11XX__ -D__REDLIB__ -I"C:\Users\dell\Documents\GitHub\DDL\workspace_AA\lab_3\inc" -I"C:\Users\dell\Documents\GitHub\DDL\workspace_AA\CMSIS_CORE_LPC11xx\inc" -O0 -fno-common -g3 -Wall -c -fmessage-length=0 -fno-builtin -ffunction-sections -fdata-sections -mcpu=cortex-m0 -mthumb -specs=redlib.specs -MMD -MP -MF"src/cr_startup_lpc11xx.d" -MT"src/cr_startup_lpc11xx.o" -MT"src/cr_startup_lpc11xx.d" -o "src/cr_startup_lpc11xx.o" "../src/cr_startup_lpc11xx.c"
Finished building: ../src/cr_startup_lpc11xx.c
 
Building file: ../src/crp.c
Invoking: MCU C Compiler
arm-none-eabi-gcc -DDEBUG -D__CODE_RED -DCORE_M0 -D__USE_CMSIS=CMSIS_CORE_LPC11xx -D__LPC11XX__ -D__REDLIB__ -I"C:\Users\dell\Documents\GitHub\DDL\workspace_AA\lab_3\inc" -I"C:\Users\dell\Documents\GitHub\DDL\workspace_AA\CMSIS_CORE_LPC11xx\inc" -O0 -fno-common -g3 -Wall -c -fmessage-length=0 -fno-builtin -ffunction-sections -fdata-sections -mcpu=cortex-m0 -mthumb -specs=redlib.specs -MMD -MP -MF"src/crp.d" -MT"src/crp.o" -MT"src/crp.d" -o "src/crp.o" "../src/crp.c"
Finished building: ../src/crp.c
 
Building file: ../src/main.c
Invoking: MCU C Compiler
arm-none-eabi-gcc -DDEBUG -D__CODE_RED -DCORE_M0 -D__USE_CMSIS=CMSIS_CORE_LPC11xx -D__LPC11XX__ -D__REDLIB__ -I"C:\Users\dell\Documents\GitHub\DDL\workspace_AA\lab_3\inc" -I"C:\Users\dell\Documents\GitHub\DDL\workspace_AA\CMSIS_CORE_LPC11xx\inc" -O0 -fno-common -g3 -Wall -c -fmessage-length=0 -fno-builtin -ffunction-sections -fdata-sections -mcpu=cortex-m0 -mthumb -specs=redlib.specs -MMD -MP -MF"src/main.d" -MT"src/main.o" -MT"src/main.d" -o "src/main.o" "../src/main.c"
../src/main.c:18:27: fatal error: driver_config.h: No such file or directory
compilation terminated.
make: *** [src/main.o] Error 1
11:40:42 **** Incremental Build of configuration Debug for project CMSIS_CORE_LPC11xx ****
make -r all 
make: Nothing to be done for `all'.
11:40:44 **** Incremental Build of configuration Debug for project lab_3 ****
make -r all 
Building file: ../src/main.c
Invoking: MCU C Compiler
arm-none-eabi-gcc -DDEBUG -D__CODE_RED -DCORE_M0 -D__USE_CMSIS=CMSIS_CORE_LPC11xx -D__LPC11XX__ -D__REDLIB__ -I"C:\Users\dell\Documents\GitHub\DDL\workspace_AA\lab_3\inc" -I"C:\Users\dell\Documents\GitHub\DDL\workspace_AA\CMSIS_CORE_LPC11xx\inc" -O0 -fno-common -g3 -Wall -c -fmessage-length=0 -fno-builtin -ffunction-sections -fdata-sections -mcpu=cortex-m0 -mthumb -specs=redlib.specs -MMD -MP -MF"src/main.d" -MT"src/main.o" -MT"src/main.d" -o "src/main.o" "../src/main.c"
../src/main.c:18:27: fatal error: driver_config.h: No such file or directory
compilation terminated.
make: *** [src/main.o] Error 1
11:41:17 **** Build of configuration Lib for project lib_small_printf_m0 ****
make -r all 
Building file: ../src/small_printf_float.c
Invoking: MCU C Compiler
arm-none-eabi-gcc -DDEBUG -D__CODE_RED -D__REDLIB__ -I"C:\Users\dell\Documents\GitHub\DDL\workspace_AA\lib_small_printf_m0\inc" -O0 -Os -g3 -Wall -c -fmessage-length=0 -fno-builtin -ffunction-sections -fdata-sections -mcpu=cortex-m0 -mthumb -D__REDLIB__ -specs=redlib.specs -MMD -MP -MF"src/small_printf_float.d" -MT"src/small_printf_float.o" -MT"src/small_printf_float.d" -o "src/small_printf_float.o" "../src/small_printf_float.c"
Finished building: ../src/small_printf_float.c
 
Building file: ../src/small_printf_nofloat.c
Invoking: MCU C Compiler
arm-none-eabi-gcc -DDEBUG -D__CODE_RED -D__REDLIB__ -I"C:\Users\dell\Documents\GitHub\DDL\workspace_AA\lib_small_printf_m0\inc" -O0 -Os -g3 -Wall -c -fmessage-length=0 -fno-builtin -ffunction-sections -fdata-sections -mcpu=cortex-m0 -mthumb -D__REDLIB__ -specs=redlib.specs -MMD -MP -MF"src/small_printf_nofloat.d" -MT"src/small_printf_nofloat.o" -MT"src/small_printf_nofloat.d" -o "src/small_printf_nofloat.o" "../src/small_printf_nofloat.c"
Finished building: ../src/small_printf_nofloat.c
 
Building file: ../src/small_printf_support.c
Invoking: MCU C Compiler
arm-none-eabi-gcc -DDEBUG -D__CODE_RED -D__REDLIB__ -I"C:\Users\dell\Documents\GitHub\DDL\workspace_AA\lib_small_printf_m0\inc" -O0 -Os -g3 -Wall -c -fmessage-length=0 -fno-builtin -ffunction-sections -fdata-sections -mcpu=cortex-m0 -mthumb -D__REDLIB__ -specs=redlib.specs -MMD -MP -MF"src/small_printf_support.d" -MT"src/small_printf_support.o" -MT"src/small_printf_support.d" -o "src/small_printf_support.o" "../src/small_printf_support.c"
Finished building: ../src/small_printf_support.c
 
Building file: ../src/small_utils.c
Invoking: MCU C Compiler
arm-none-eabi-gcc -DDEBUG -D__CODE_RED -D__REDLIB__ -I"C:\Users\dell\Documents\GitHub\DDL\workspace_AA\lib_small_printf_m0\inc" -O0 -Os -g3 -Wall -c -fmessage-length=0 -fno-builtin -ffunction-sections -fdata-sections -mcpu=cortex-m0 -mthumb -D__REDLIB__ -specs=redlib.specs -MMD -MP -MF"src/small_utils.d" -MT"src/small_utils.o" -MT"src/small_utils.d" -o "src/small_utils.o" "../src/small_utils.c"
Finished building: ../src/small_utils.c
 
Building target: liblib_small_printf_m0.a
Invoking: MCU Archiver
arm-none-eabi-ar -r  "liblib_small_printf_m0.a"  ./src/small_printf_float.o ./src/small_printf_nofloat.o ./src/small_printf_support.o ./src/small_utils.o   
Finished building target: liblib_small_printf_m0.a
 
make --no-print-directory post-build
Performing post-build steps
arm-none-eabi-size liblib_small_printf_m0.a ; # arm-none-eabi-objdump -h -S liblib_small_printf_m0.a >liblib_small_printf_m0.lss
   text	   data	    bss	    dec	    hex	filename
    861	      0	     81	    942	    3ae	small_printf_float.o (ex liblib_small_printf_m0.a)
    437	      0	      0	    437	    1b5	small_printf_nofloat.o (ex liblib_small_printf_m0.a)
    370	      0	     12	    382	    17e	small_printf_support.o (ex liblib_small_printf_m0.a)
    296	      0	      0	    296	    128	small_utils.o (ex liblib_small_printf_m0.a)
 
11:41:23 **** Build of configuration Debug for project adc ****
make -r all 
Building file: ../src/adc_main.c
Invoking: MCU C Compiler
arm-none-eabi-gcc -D__REDLIB__ -D__USE_CMSIS -DDEBUG -D__CODE_RED -I../cmsis -I"C:\Users\dell\Documents\GitHub\DDL\workspace_AA\lib_small_printf_m0\inc" -I../config -I../driver -O0 -g3 -Wall -c -fmessage-length=0 -fno-builtin -ffunction-sections -fdata-sections -mcpu=cortex-m0 -mthumb -D__REDLIB__ -specs=redlib.specs -MMD -MP -MF"src/adc_main.d" -MT"src/adc_main.o" -MT"src/adc_main.d" -o "src/adc_main.o" "../src/adc_main.c"
../src/adc_main.c: In function 'main':
../src/adc_main.c:109:8: warning: unused variable 'Vcc' [-Wunused-variable]
  float Vcc = (3.3/1023)*(float)ADCValue[0];
        ^
Finished building: ../src/adc_main.c
 
Building file: ../driver/debug_printf.c
Invoking: MCU C Compiler
arm-none-eabi-gcc -D__REDLIB__ -D__USE_CMSIS -DDEBUG -D__CODE_RED -I../cmsis -I"C:\Users\dell\Documents\GitHub\DDL\workspace_AA\lib_small_printf_m0\inc" -I../config -I../driver -O0 -g3 -Wall -c -fmessage-length=0 -fno-builtin -ffunction-sections -fdata-sections -mcpu=cortex-m0 -mthumb -D__REDLIB__ -specs=redlib.specs -MMD -MP -MF"driver/debug_printf.d" -MT"driver/debug_printf.o" -MT"driver/debug_printf.d" -o "driver/debug_printf.o" "../driver/debug_printf.c"
Finished building: ../driver/debug_printf.c
 
Building file: ../DDL/workspace_kk/wdt/startup/cr_startup_lpc11.c
Invoking: MCU C Compiler
arm-none-eabi-gcc -D__REDLIB__ -D__USE_CMSIS -DDEBUG -D__CODE_RED -I../cmsis -I"C:\Users\dell\Documents\GitHub\DDL\workspace_AA\lib_small_printf_m0\inc" -I../config -I../driver -O0 -g3 -Wall -c -fmessage-length=0 -fno-builtin -ffunction-sections -fdata-sections -mcpu=cortex-m0 -mthumb -D__REDLIB__ -specs=redlib.specs -MMD -MP -MF"DDL/workspace_kk/wdt/startup/cr_startup_lpc11.d" -MT"DDL/workspace_kk/wdt/startup/cr_startup_lpc11.o" -MT"DDL/workspace_kk/wdt/startup/cr_startup_lpc11.d" -o "DDL/workspace_kk/wdt/startup/cr_startup_lpc11.o" "../DDL/workspace_kk/wdt/startup/cr_startup_lpc11.c"
Finished building: ../DDL/workspace_kk/wdt/startup/cr_startup_lpc11.c
 
Building file: ../DDL/workspace_kk/wdt/src/wdt_main.c
Invoking: MCU C Compiler
arm-none-eabi-gcc -D__REDLIB__ -D__USE_CMSIS -DDEBUG -D__CODE_RED -I../cmsis -I"C:\Users\dell\Documents\GitHub\DDL\workspace_AA\lib_small_printf_m0\inc" -I../config -I../driver -O0 -g3 -Wall -c -fmessage-length=0 -fno-builtin -ffunction-sections -fdata-sections -mcpu=cortex-m0 -mthumb -D__REDLIB__ -specs=redlib.specs -MMD -MP -MF"DDL/workspace_kk/wdt/src/wdt_main.d" -MT"DDL/workspace_kk/wdt/src/wdt_main.o" -MT"DDL/workspace_kk/wdt/src/wdt_main.d" -o "DDL/workspace_kk/wdt/src/wdt_main.o" "../DDL/workspace_kk/wdt/src/wdt_main.c"
../DDL/workspace_kk/wdt/src/wdt_main.c: In function 'main':
../DDL/workspace_kk/wdt/src/wdt_main.c:38:3: warning: implicit declaration of function 'WDTInit' [-Wimplicit-function-declaration]
   WDTInit();
   ^
../DDL/workspace_kk/wdt/src/wdt_main.c:40:3: warning: implicit declaration of function 'init_timer16' [-Wimplicit-function-declaration]
   init_timer16( 0, TIME_INTERVALmS * 10 );
   ^
../DDL/workspace_kk/wdt/src/wdt_main.c:40:20: error: 'TIME_INTERVALmS' undeclared (first use in this function)
   init_timer16( 0, TIME_INTERVALmS * 10 );
                    ^
../DDL/workspace_kk/wdt/src/wdt_main.c:40:20: note: each undeclared identifier is reported only once for each function it appears in
../DDL/workspace_kk/wdt/src/wdt_main.c:41:3: warning: implicit declaration of function 'enable_timer16' [-Wimplicit-function-declaration]
   enable_timer16( 0 );
   ^
../DDL/workspace_kk/wdt/src/wdt_main.c:44:15: error: 'LED_PORT' undeclared (first use in this function)
   GPIOSetDir( LED_PORT, LED_BIT, 1 );
               ^
../DDL/workspace_kk/wdt/src/wdt_main.c:44:25: error: 'LED_BIT' undeclared (first use in this function)
   GPIOSetDir( LED_PORT, LED_BIT, 1 );
                         ^
../DDL/workspace_kk/wdt/src/wdt_main.c:54:60: error: 'FAST_LED_TOGGLE_TICKS' undeclared (first use in this function)
      if ( (timer16_0_counter > 0) && (timer16_0_counter <= FAST_LED_TOGGLE_TICKS/2) )
                                                            ^
../DDL/workspace_kk/wdt/src/wdt_main.c:74:58: error: 'LED_TOGGLE_TICKS' undeclared (first use in this function)
    if ( (timer16_0_counter > 0) && (timer16_0_counter <= LED_TOGGLE_TICKS/2) )
                                                          ^
make: *** [DDL/workspace_kk/wdt/src/wdt_main.o] Error 1
11:43:11 **** Incremental Build of configuration Debug for project CMSIS_CORE_LPC11xx ****
make -r all 
make: Nothing to be done for `all'.
11:43:12 **** Incremental Build of configuration Debug for project lab_3 ****
make -r all 
Building file: ../src/main.c
Invoking: MCU C Compiler
arm-none-eabi-gcc -DDEBUG -D__CODE_RED -DCORE_M0 -D__USE_CMSIS=CMSIS_CORE_LPC11xx -D__LPC11XX__ -D__REDLIB__ -I"C:\Users\dell\Documents\GitHub\DDL\workspace_AA\lab_3\inc" -I"C:\Users\dell\Documents\GitHub\DDL\workspace_AA\CMSIS_CORE_LPC11xx\inc" -O0 -fno-common -g3 -Wall -c -fmessage-length=0 -fno-builtin -ffunction-sections -fdata-sections -mcpu=cortex-m0 -mthumb -specs=redlib.specs -MMD -MP -MF"src/main.d" -MT"src/main.o" -MT"src/main.d" -o "src/main.o" "../src/main.c"
../src/main.c:18:27: fatal error: driver_config.h: No such file or directory
compilation terminated.
make: *** [src/main.o] Error 1
11:43:21 **** Incremental Build of configuration Debug for project CMSIS_CORE_LPC11xx ****
make -r all 
make: Nothing to be done for `all'.
11:43:22 **** Incremental Build of configuration Debug for project lab_3 ****
make -r all 
Building file: ../src/main.c
Invoking: MCU C Compiler
arm-none-eabi-gcc -DDEBUG -D__CODE_RED -DCORE_M0 -D__USE_CMSIS=CMSIS_CORE_LPC11xx -D__LPC11XX__ -D__REDLIB__ -I"C:\Users\dell\Documents\GitHub\DDL\workspace_AA\lab_3\inc" -I"C:\Users\dell\Documents\GitHub\DDL\workspace_AA\CMSIS_CORE_LPC11xx\inc" -O0 -fno-common -g3 -Wall -c -fmessage-length=0 -fno-builtin -ffunction-sections -fdata-sections -mcpu=cortex-m0 -mthumb -specs=redlib.specs -MMD -MP -MF"src/main.d" -MT"src/main.o" -MT"src/main.d" -o "src/main.o" "../src/main.c"
../src/main.c:18:27: fatal error: driver_config.h: No such file or directory
compilation terminated.
make: *** [src/main.o] Error 1
11:43:24 **** Incremental Build of configuration Debug for project lab_3 ****
make -r all 
Building file: ../src/main.c
Invoking: MCU C Compiler
arm-none-eabi-gcc -DDEBUG -D__CODE_RED -DCORE_M0 -D__USE_CMSIS=CMSIS_CORE_LPC11xx -D__LPC11XX__ -D__REDLIB__ -I"C:\Users\dell\Documents\GitHub\DDL\workspace_AA\lab_3\inc" -I"C:\Users\dell\Documents\GitHub\DDL\workspace_AA\CMSIS_CORE_LPC11xx\inc" -O0 -fno-common -g3 -Wall -c -fmessage-length=0 -fno-builtin -ffunction-sections -fdata-sections -mcpu=cortex-m0 -mthumb -specs=redlib.specs -MMD -MP -MF"src/main.d" -MT"src/main.o" -MT"src/main.d" -o "src/main.o" "../src/main.c"
../src/main.c:18:27: fatal error: driver_config.h: No such file or directory
compilation terminated.
make: *** [src/main.o] Error 1
11:44:15 **** Incremental Build of configuration Debug for project CMSIS_CORE_LPC11xx ****
make -r all 
make: Nothing to be done for `all'.
11:44:16 **** Incremental Build of configuration Debug for project lab_3 ****
make -r all 
Building file: ../src/main.c
Invoking: MCU C Compiler
arm-none-eabi-gcc -DDEBUG -D__CODE_RED -DCORE_M0 -D__USE_CMSIS=CMSIS_CORE_LPC11xx -D__LPC11XX__ -D__REDLIB__ -I"C:\Users\dell\Documents\GitHub\DDL\workspace_AA\lab_3\inc" -I"C:\Users\dell\Documents\GitHub\DDL\workspace_AA\CMSIS_CORE_LPC11xx\inc" -O0 -fno-common -g3 -Wall -c -fmessage-length=0 -fno-builtin -ffunction-sections -fdata-sections -mcpu=cortex-m0 -mthumb -specs=redlib.specs -MMD -MP -MF"src/main.d" -MT"src/main.o" -MT"src/main.d" -o "src/main.o" "../src/main.c"
../src/main.c:18:27: fatal error: driver_config.h: No such file or directory
compilation terminated.
make: *** [src/main.o] Error 1
11:48:30 **** Incremental Build of configuration Debug for project CMSIS_CORE_LPC11xx ****
make -r all 
make: Nothing to be done for `all'.
11:48:31 **** Clean-only build of configuration Debug for project lab_3 ****
make -r clean 
rm -rf  ./src/cr_startup_lpc11xx.o ./src/crp.o ./src/main.o  ./src/cr_startup_lpc11xx.d ./src/crp.d ./src/main.d  lab_3.axf
 
11:48:32 **** Incremental Build of configuration Debug for project lab_3 ****
make -r all 
Building file: ../src/cr_startup_lpc11xx.c
Invoking: MCU C Compiler
arm-none-eabi-gcc -DDEBUG -D__CODE_RED -DCORE_M0 -D__USE_CMSIS=CMSIS_CORE_LPC11xx -D__LPC11XX__ -D__REDLIB__ -I"C:\Users\dell\Documents\GitHub\DDL\workspace_AA\lab_3\inc" -I"C:\Users\dell\Documents\GitHub\DDL\workspace_AA\CMSIS_CORE_LPC11xx\inc" -O0 -fno-common -g3 -Wall -c -fmessage-length=0 -fno-builtin -ffunction-sections -fdata-sections -mcpu=cortex-m0 -mthumb -specs=redlib.specs -MMD -MP -MF"src/cr_startup_lpc11xx.d" -MT"src/cr_startup_lpc11xx.o" -MT"src/cr_startup_lpc11xx.d" -o "src/cr_startup_lpc11xx.o" "../src/cr_startup_lpc11xx.c"
Finished building: ../src/cr_startup_lpc11xx.c
 
Building file: ../src/crp.c
Invoking: MCU C Compiler
arm-none-eabi-gcc -DDEBUG -D__CODE_RED -DCORE_M0 -D__USE_CMSIS=CMSIS_CORE_LPC11xx -D__LPC11XX__ -D__REDLIB__ -I"C:\Users\dell\Documents\GitHub\DDL\workspace_AA\lab_3\inc" -I"C:\Users\dell\Documents\GitHub\DDL\workspace_AA\CMSIS_CORE_LPC11xx\inc" -O0 -fno-common -g3 -Wall -c -fmessage-length=0 -fno-builtin -ffunction-sections -fdata-sections -mcpu=cortex-m0 -mthumb -specs=redlib.specs -MMD -MP -MF"src/crp.d" -MT"src/crp.o" -MT"src/crp.d" -o "src/crp.o" "../src/crp.c"
Finished building: ../src/crp.c
 
Building file: ../src/main.c
Invoking: MCU C Compiler
arm-none-eabi-gcc -DDEBUG -D__CODE_RED -DCORE_M0 -D__USE_CMSIS=CMSIS_CORE_LPC11xx -D__LPC11XX__ -D__REDLIB__ -I"C:\Users\dell\Documents\GitHub\DDL\workspace_AA\lab_3\inc" -I"C:\Users\dell\Documents\GitHub\DDL\workspace_AA\CMSIS_CORE_LPC11xx\inc" -O0 -fno-common -g3 -Wall -c -fmessage-length=0 -fno-builtin -ffunction-sections -fdata-sections -mcpu=cortex-m0 -mthumb -specs=redlib.specs -MMD -MP -MF"src/main.d" -MT"src/main.o" -MT"src/main.d" -o "src/main.o" "../src/main.c"
../src/main.c:18:27: fatal error: driver_config.h: No such file or directory
compilation terminated.
make: *** [src/main.o] Error 1
11:49:26 **** Incremental Build of configuration Debug for project CMSIS_CORE_LPC11xx ****
make -r all 
make: Nothing to be done for `all'.
11:49:27 **** Clean-only build of configuration Debug for project lab_3 ****
make -r clean 
rm -rf  ./src/cr_startup_lpc11xx.o ./src/crp.o ./src/main.o  ./driver/adc.o ./driver/can.o ./driver/clkconfig.o ./driver/crp.o ./driver/debug_printf.o ./driver/gpio.o ./driver/i2c.o ./driver/i2cslave.o ./driver/lpc_swu.o ./driver/rs485.o ./driver/small_gpio.o ./driver/ssp.o ./driver/timer16.o ./driver/timer32.o ./driver/uart.o ./driver/wdt.o  ./src/cr_startup_lpc11xx.d ./src/crp.d ./src/main.d  ./driver/adc.d ./driver/can.d ./driver/clkconfig.d ./driver/crp.d ./driver/debug_printf.d ./driver/gpio.d ./driver/i2c.d ./driver/i2cslave.d ./driver/lpc_swu.d ./driver/rs485.d ./driver/small_gpio.d ./driver/ssp.d ./driver/timer16.d ./driver/timer32.d ./driver/uart.d ./driver/wdt.d  lab_3.axf
 
11:49:28 **** Incremental Build of configuration Debug for project lab_3 ****
make -r all 
Building file: ../src/cr_startup_lpc11xx.c
Invoking: MCU C Compiler
arm-none-eabi-gcc -DDEBUG -D__CODE_RED -DCORE_M0 -D__USE_CMSIS=CMSIS_CORE_LPC11xx -D__LPC11XX__ -D__REDLIB__ -I"C:\Users\dell\Documents\GitHub\DDL\workspace_AA\lab_3\inc" -I"C:\Users\dell\Documents\GitHub\DDL\workspace_AA\CMSIS_CORE_LPC11xx\inc" -O0 -fno-common -g3 -Wall -c -fmessage-length=0 -fno-builtin -ffunction-sections -fdata-sections -mcpu=cortex-m0 -mthumb -specs=redlib.specs -MMD -MP -MF"src/cr_startup_lpc11xx.d" -MT"src/cr_startup_lpc11xx.o" -MT"src/cr_startup_lpc11xx.d" -o "src/cr_startup_lpc11xx.o" "../src/cr_startup_lpc11xx.c"
Finished building: ../src/cr_startup_lpc11xx.c
 
Building file: ../src/crp.c
Invoking: MCU C Compiler
arm-none-eabi-gcc -DDEBUG -D__CODE_RED -DCORE_M0 -D__USE_CMSIS=CMSIS_CORE_LPC11xx -D__LPC11XX__ -D__REDLIB__ -I"C:\Users\dell\Documents\GitHub\DDL\workspace_AA\lab_3\inc" -I"C:\Users\dell\Documents\GitHub\DDL\workspace_AA\CMSIS_CORE_LPC11xx\inc" -O0 -fno-common -g3 -Wall -c -fmessage-length=0 -fno-builtin -ffunction-sections -fdata-sections -mcpu=cortex-m0 -mthumb -specs=redlib.specs -MMD -MP -MF"src/crp.d" -MT"src/crp.o" -MT"src/crp.d" -o "src/crp.o" "../src/crp.c"
Finished building: ../src/crp.c
 
Building file: ../src/main.c
Invoking: MCU C Compiler
arm-none-eabi-gcc -DDEBUG -D__CODE_RED -DCORE_M0 -D__USE_CMSIS=CMSIS_CORE_LPC11xx -D__LPC11XX__ -D__REDLIB__ -I"C:\Users\dell\Documents\GitHub\DDL\workspace_AA\lab_3\inc" -I"C:\Users\dell\Documents\GitHub\DDL\workspace_AA\CMSIS_CORE_LPC11xx\inc" -O0 -fno-common -g3 -Wall -c -fmessage-length=0 -fno-builtin -ffunction-sections -fdata-sections -mcpu=cortex-m0 -mthumb -specs=redlib.specs -MMD -MP -MF"src/main.d" -MT"src/main.o" -MT"src/main.d" -o "src/main.o" "../src/main.c"
../src/main.c:18:27: fatal error: driver_config.h: No such file or directory
compilation terminated.
make: *** [src/main.o] Error 1
11:51:07 **** Incremental Build of configuration Debug for project CMSIS_CORE_LPC11xx ****
make -r all 
make: Nothing to be done for `all'.
11:51:08 **** Incremental Build of configuration Debug for project lab_3 ****
make -r all 
Building file: ../src/main.c
Invoking: MCU C Compiler
arm-none-eabi-gcc -DDEBUG -D__CODE_RED -DCORE_M0 -D__USE_CMSIS=CMSIS_CORE_LPC11xx -D__LPC11XX__ -D__REDLIB__ -I"C:\Users\dell\Documents\GitHub\DDL\workspace_AA\lab_3\inc" -I"C:\Users\dell\Documents\GitHub\DDL\workspace_AA\CMSIS_CORE_LPC11xx\inc" -O0 -fno-common -g3 -Wall -c -fmessage-length=0 -fno-builtin -ffunction-sections -fdata-sections -mcpu=cortex-m0 -mthumb -specs=redlib.specs -MMD -MP -MF"src/main.d" -MT"src/main.o" -MT"src/main.d" -o "src/main.o" "../src/main.c"
../src/main.c:18:27: fatal error: driver_config.h: No such file or directory
compilation terminated.
make: *** [src/main.o] Error 1
14:22:37 **** Incremental Build of configuration Debug for project CMSIS_CORE_LPC11xx ****
make -r all 
make: Nothing to be done for `all'.
14:22:39 **** Incremental Build of configuration Debug for project lab_3 ****
make -r all 
Building file: ../src/main.c
Invoking: MCU C Compiler
arm-none-eabi-gcc -DDEBUG -D__CODE_RED -DCORE_M0 -D__USE_CMSIS=CMSIS_CORE_LPC11xx -D__LPC11XX__ -D__REDLIB__ -I"C:\Users\dell\Documents\GitHub\DDL\workspace_AA\lab_3\inc" -I"C:\Users\dell\Documents\GitHub\DDL\workspace_AA\CMSIS_CORE_LPC11xx\inc" -O0 -fno-common -g3 -Wall -c -fmessage-length=0 -fno-builtin -ffunction-sections -fdata-sections -mcpu=cortex-m0 -mthumb -specs=redlib.specs -MMD -MP -MF"src/main.d" -MT"src/main.o" -MT"src/main.d" -o "src/main.o" "../src/main.c"
../src/main.c:18:27: fatal error: driver_config.h: No such file or directory
compilation terminated.
make: *** [src/main.o] Error 1
14:24:50 **** Incremental Build of configuration Debug for project CMSIS_CORE_LPC11xx ****
make -r all 
make: Nothing to be done for `all'.
14:24:51 **** Clean-only build of configuration Debug for project lab_3 ****
make -r clean 
rm -rf  ./src/cr_startup_lpc11xx.o ./src/crp.o ./src/main.o  ./driver/adc.o ./driver/can.o ./driver/clkconfig.o ./driver/crp.o ./driver/debug_printf.o ./driver/gpio.o ./driver/i2c.o ./driver/i2cslave.o ./driver/lpc_swu.o ./driver/rs485.o ./driver/small_gpio.o ./driver/ssp.o ./driver/timer16.o ./driver/timer32.o ./driver/uart.o ./driver/wdt.o  ./src/cr_startup_lpc11xx.d ./src/crp.d ./src/main.d  ./driver/adc.d ./driver/can.d ./driver/clkconfig.d ./driver/crp.d ./driver/debug_printf.d ./driver/gpio.d ./driver/i2c.d ./driver/i2cslave.d ./driver/lpc_swu.d ./driver/rs485.d ./driver/small_gpio.d ./driver/ssp.d ./driver/timer16.d ./driver/timer32.d ./driver/uart.d ./driver/wdt.d  lab_3.axf
 
14:24:52 **** Incremental Build of configuration Debug for project lab_3 ****
make -r all 
Building file: ../src/cr_startup_lpc11xx.c
Invoking: MCU C Compiler
arm-none-eabi-gcc -DDEBUG -D__CODE_RED -DCORE_M0 -D__USE_CMSIS=CMSIS_CORE_LPC11xx -D__LPC11XX__ -D__REDLIB__ -I"C:\Users\dell\Documents\GitHub\DDL\workspace_AA\lab_3\inc" -I"C:\Users\dell\Documents\GitHub\DDL\workspace_AA\CMSIS_CORE_LPC11xx\inc" -O0 -fno-common -g3 -Wall -c -fmessage-length=0 -fno-builtin -ffunction-sections -fdata-sections -mcpu=cortex-m0 -mthumb -specs=redlib.specs -MMD -MP -MF"src/cr_startup_lpc11xx.d" -MT"src/cr_startup_lpc11xx.o" -MT"src/cr_startup_lpc11xx.d" -o "src/cr_startup_lpc11xx.o" "../src/cr_startup_lpc11xx.c"
Finished building: ../src/cr_startup_lpc11xx.c
 
Building file: ../src/crp.c
Invoking: MCU C Compiler
arm-none-eabi-gcc -DDEBUG -D__CODE_RED -DCORE_M0 -D__USE_CMSIS=CMSIS_CORE_LPC11xx -D__LPC11XX__ -D__REDLIB__ -I"C:\Users\dell\Documents\GitHub\DDL\workspace_AA\lab_3\inc" -I"C:\Users\dell\Documents\GitHub\DDL\workspace_AA\CMSIS_CORE_LPC11xx\inc" -O0 -fno-common -g3 -Wall -c -fmessage-length=0 -fno-builtin -ffunction-sections -fdata-sections -mcpu=cortex-m0 -mthumb -specs=redlib.specs -MMD -MP -MF"src/crp.d" -MT"src/crp.o" -MT"src/crp.d" -o "src/crp.o" "../src/crp.c"
Finished building: ../src/crp.c
 
Building file: ../src/main.c
Invoking: MCU C Compiler
arm-none-eabi-gcc -DDEBUG -D__CODE_RED -DCORE_M0 -D__USE_CMSIS=CMSIS_CORE_LPC11xx -D__LPC11XX__ -D__REDLIB__ -I"C:\Users\dell\Documents\GitHub\DDL\workspace_AA\lab_3\inc" -I"C:\Users\dell\Documents\GitHub\DDL\workspace_AA\CMSIS_CORE_LPC11xx\inc" -O0 -fno-common -g3 -Wall -c -fmessage-length=0 -fno-builtin -ffunction-sections -fdata-sections -mcpu=cortex-m0 -mthumb -specs=redlib.specs -MMD -MP -MF"src/main.d" -MT"src/main.o" -MT"src/main.d" -o "src/main.o" "../src/main.c"
../src/main.c:18:27: fatal error: driver_config.h: No such file or directory
compilation terminated.
make: *** [src/main.o] Error 1
14:26:01 **** Incremental Build of configuration Debug for project CMSIS_CORE_LPC11xx ****
make -r all 
make: Nothing to be done for `all'.
14:26:01 **** Clean-only build of configuration Debug for project lab_3 ****
make -r clean 
rm -rf  ./src/cr_startup_lpc11xx.o ./src/crp.o ./src/main.o  ./driver/adc.o ./driver/clkconfig.o ./driver/crp.o ./driver/debug_printf.o ./driver/gpio.o ./driver/i2c.o ./driver/i2cslave.o ./driver/lpc_swu.o ./driver/rs485.o ./driver/small_gpio.o ./driver/ssp.o ./driver/timer32.o ./driver/uart.o ./driver/wdt.o  ./src/cr_startup_lpc11xx.d ./src/crp.d ./src/main.d  ./driver/adc.d ./driver/clkconfig.d ./driver/crp.d ./driver/debug_printf.d ./driver/gpio.d ./driver/i2c.d ./driver/i2cslave.d ./driver/lpc_swu.d ./driver/rs485.d ./driver/small_gpio.d ./driver/ssp.d ./driver/timer32.d ./driver/uart.d ./driver/wdt.d  lab_3.axf
 
14:26:02 **** Incremental Build of configuration Debug for project lab_3 ****
make -r all 
Building file: ../src/cr_startup_lpc11xx.c
Invoking: MCU C Compiler
arm-none-eabi-gcc -DDEBUG -D__CODE_RED -DCORE_M0 -D__USE_CMSIS=CMSIS_CORE_LPC11xx -D__LPC11XX__ -D__REDLIB__ -I"C:\Users\dell\Documents\GitHub\DDL\workspace_AA\lab_3\inc" -I"C:\Users\dell\Documents\GitHub\DDL\workspace_AA\CMSIS_CORE_LPC11xx\inc" -O0 -fno-common -g3 -Wall -c -fmessage-length=0 -fno-builtin -ffunction-sections -fdata-sections -mcpu=cortex-m0 -mthumb -specs=redlib.specs -MMD -MP -MF"src/cr_startup_lpc11xx.d" -MT"src/cr_startup_lpc11xx.o" -MT"src/cr_startup_lpc11xx.d" -o "src/cr_startup_lpc11xx.o" "../src/cr_startup_lpc11xx.c"
Finished building: ../src/cr_startup_lpc11xx.c
 
Building file: ../src/crp.c
Invoking: MCU C Compiler
arm-none-eabi-gcc -DDEBUG -D__CODE_RED -DCORE_M0 -D__USE_CMSIS=CMSIS_CORE_LPC11xx -D__LPC11XX__ -D__REDLIB__ -I"C:\Users\dell\Documents\GitHub\DDL\workspace_AA\lab_3\inc" -I"C:\Users\dell\Documents\GitHub\DDL\workspace_AA\CMSIS_CORE_LPC11xx\inc" -O0 -fno-common -g3 -Wall -c -fmessage-length=0 -fno-builtin -ffunction-sections -fdata-sections -mcpu=cortex-m0 -mthumb -specs=redlib.specs -MMD -MP -MF"src/crp.d" -MT"src/crp.o" -MT"src/crp.d" -o "src/crp.o" "../src/crp.c"
Finished building: ../src/crp.c
 
Building file: ../src/main.c
Invoking: MCU C Compiler
arm-none-eabi-gcc -DDEBUG -D__CODE_RED -DCORE_M0 -D__USE_CMSIS=CMSIS_CORE_LPC11xx -D__LPC11XX__ -D__REDLIB__ -I"C:\Users\dell\Documents\GitHub\DDL\workspace_AA\lab_3\inc" -I"C:\Users\dell\Documents\GitHub\DDL\workspace_AA\CMSIS_CORE_LPC11xx\inc" -O0 -fno-common -g3 -Wall -c -fmessage-length=0 -fno-builtin -ffunction-sections -fdata-sections -mcpu=cortex-m0 -mthumb -specs=redlib.specs -MMD -MP -MF"src/main.d" -MT"src/main.o" -MT"src/main.d" -o "src/main.o" "../src/main.c"
../src/main.c:18:27: fatal error: driver_config.h: No such file or directory
compilation terminated.
make: *** [src/main.o] Error 1
14:26:07 **** Incremental Build of configuration Debug for project CMSIS_CORE_LPC11xx ****
make -r all 
make: Nothing to be done for `all'.
14:26:08 **** Incremental Build of configuration Debug for project lab_3 ****
make -r all 
Building file: ../src/main.c
Invoking: MCU C Compiler
arm-none-eabi-gcc -DDEBUG -D__CODE_RED -DCORE_M0 -D__USE_CMSIS=CMSIS_CORE_LPC11xx -D__LPC11XX__ -D__REDLIB__ -I"C:\Users\dell\Documents\GitHub\DDL\workspace_AA\lab_3\inc" -I"C:\Users\dell\Documents\GitHub\DDL\workspace_AA\CMSIS_CORE_LPC11xx\inc" -O0 -fno-common -g3 -Wall -c -fmessage-length=0 -fno-builtin -ffunction-sections -fdata-sections -mcpu=cortex-m0 -mthumb -specs=redlib.specs -MMD -MP -MF"src/main.d" -MT"src/main.o" -MT"src/main.d" -o "src/main.o" "../src/main.c"
../src/main.c:18:27: fatal error: driver_config.h: No such file or directory
compilation terminated.
make: *** [src/main.o] Error 1
14:27:34 **** Incremental Build of configuration Lib for project lib_small_printf_m0 ****
make -r all 
make: Nothing to be done for `all'.
14:27:37 **** Incremental Build of configuration Debug for project adc ****
make -r all 
Building file: ../DDL/workspace_kk/wdt/src/wdt_main.c
Invoking: MCU C Compiler
arm-none-eabi-gcc -D__REDLIB__ -D__USE_CMSIS -DDEBUG -D__CODE_RED -I../cmsis -I"C:\Users\dell\Documents\GitHub\DDL\workspace_AA\lib_small_printf_m0\inc" -I../config -I../driver -O0 -g3 -Wall -c -fmessage-length=0 -fno-builtin -ffunction-sections -fdata-sections -mcpu=cortex-m0 -mthumb -D__REDLIB__ -specs=redlib.specs -MMD -MP -MF"DDL/workspace_kk/wdt/src/wdt_main.d" -MT"DDL/workspace_kk/wdt/src/wdt_main.o" -MT"DDL/workspace_kk/wdt/src/wdt_main.d" -o "DDL/workspace_kk/wdt/src/wdt_main.o" "../DDL/workspace_kk/wdt/src/wdt_main.c"
../DDL/workspace_kk/wdt/src/wdt_main.c: In function 'main':
../DDL/workspace_kk/wdt/src/wdt_main.c:38:3: warning: implicit declaration of function 'WDTInit' [-Wimplicit-function-declaration]
   WDTInit();
   ^
../DDL/workspace_kk/wdt/src/wdt_main.c:40:3: warning: implicit declaration of function 'init_timer16' [-Wimplicit-function-declaration]
   init_timer16( 0, TIME_INTERVALmS * 10 );
   ^
../DDL/workspace_kk/wdt/src/wdt_main.c:40:20: error: 'TIME_INTERVALmS' undeclared (first use in this function)
   init_timer16( 0, TIME_INTERVALmS * 10 );
                    ^
../DDL/workspace_kk/wdt/src/wdt_main.c:40:20: note: each undeclared identifier is reported only once for each function it appears in
../DDL/workspace_kk/wdt/src/wdt_main.c:41:3: warning: implicit declaration of function 'enable_timer16' [-Wimplicit-function-declaration]
   enable_timer16( 0 );
   ^
../DDL/workspace_kk/wdt/src/wdt_main.c:44:15: error: 'LED_PORT' undeclared (first use in this function)
   GPIOSetDir( LED_PORT, LED_BIT, 1 );
               ^
../DDL/workspace_kk/wdt/src/wdt_main.c:44:25: error: 'LED_BIT' undeclared (first use in this function)
   GPIOSetDir( LED_PORT, LED_BIT, 1 );
                         ^
../DDL/workspace_kk/wdt/src/wdt_main.c:54:60: error: 'FAST_LED_TOGGLE_TICKS' undeclared (first use in this function)
      if ( (timer16_0_counter > 0) && (timer16_0_counter <= FAST_LED_TOGGLE_TICKS/2) )
                                                            ^
../DDL/workspace_kk/wdt/src/wdt_main.c:74:58: error: 'LED_TOGGLE_TICKS' undeclared (first use in this function)
    if ( (timer16_0_counter > 0) && (timer16_0_counter <= LED_TOGGLE_TICKS/2) )
                                                          ^
make: *** [DDL/workspace_kk/wdt/src/wdt_main.o] Error 1
14:28:12 **** Incremental Build of configuration Lib for project lib_small_printf_m0 ****
make -r all 
make: Nothing to be done for `all'.
14:28:14 **** Incremental Build of configuration Debug for project adc ****
make -r all 
Building file: ../DDL/workspace_kk/wdt/src/wdt_main.c
Invoking: MCU C Compiler
arm-none-eabi-gcc -D__REDLIB__ -D__USE_CMSIS -DDEBUG -D__CODE_RED -I../cmsis -I"C:\Users\dell\Documents\GitHub\DDL\workspace_AA\lib_small_printf_m0\inc" -I../config -I../driver -O0 -g3 -Wall -c -fmessage-length=0 -fno-builtin -ffunction-sections -fdata-sections -mcpu=cortex-m0 -mthumb -D__REDLIB__ -specs=redlib.specs -MMD -MP -MF"DDL/workspace_kk/wdt/src/wdt_main.d" -MT"DDL/workspace_kk/wdt/src/wdt_main.o" -MT"DDL/workspace_kk/wdt/src/wdt_main.d" -o "DDL/workspace_kk/wdt/src/wdt_main.o" "../DDL/workspace_kk/wdt/src/wdt_main.c"
../DDL/workspace_kk/wdt/src/wdt_main.c: In function 'main':
../DDL/workspace_kk/wdt/src/wdt_main.c:38:3: warning: implicit declaration of function 'WDTInit' [-Wimplicit-function-declaration]
   WDTInit();
   ^
../DDL/workspace_kk/wdt/src/wdt_main.c:40:3: warning: implicit declaration of function 'init_timer16' [-Wimplicit-function-declaration]
   init_timer16( 0, TIME_INTERVALmS * 10 );
   ^
../DDL/workspace_kk/wdt/src/wdt_main.c:40:20: error: 'TIME_INTERVALmS' undeclared (first use in this function)
   init_timer16( 0, TIME_INTERVALmS * 10 );
                    ^
../DDL/workspace_kk/wdt/src/wdt_main.c:40:20: note: each undeclared identifier is reported only once for each function it appears in
../DDL/workspace_kk/wdt/src/wdt_main.c:41:3: warning: implicit declaration of function 'enable_timer16' [-Wimplicit-function-declaration]
   enable_timer16( 0 );
   ^
../DDL/workspace_kk/wdt/src/wdt_main.c:44:15: error: 'LED_PORT' undeclared (first use in this function)
   GPIOSetDir( LED_PORT, LED_BIT, 1 );
               ^
../DDL/workspace_kk/wdt/src/wdt_main.c:44:25: error: 'LED_BIT' undeclared (first use in this function)
   GPIOSetDir( LED_PORT, LED_BIT, 1 );
                         ^
../DDL/workspace_kk/wdt/src/wdt_main.c:54:60: error: 'FAST_LED_TOGGLE_TICKS' undeclared (first use in this function)
      if ( (timer16_0_counter > 0) && (timer16_0_counter <= FAST_LED_TOGGLE_TICKS/2) )
                                                            ^
../DDL/workspace_kk/wdt/src/wdt_main.c:74:58: error: 'LED_TOGGLE_TICKS' undeclared (first use in this function)
    if ( (timer16_0_counter > 0) && (timer16_0_counter <= LED_TOGGLE_TICKS/2) )
                                                          ^
make: *** [DDL/workspace_kk/wdt/src/wdt_main.o] Error 1
14:28:23 **** Clean-only build of configuration Debug for project CMSIS_CORE_LPC11xx ****
make -r clean 
rm -rf  ./src/system_LPC11xx.o  ./src/system_LPC11xx.d  libCMSIS_CORE_LPC11xx.a
 
14:28:23 **** Clean-only build of configuration Debug for project lab_3 ****
make -r clean 
rm -rf  ./src/cr_startup_lpc11xx.o ./src/crp.o ./src/main.o  ./driver/adc.o ./driver/clkconfig.o ./driver/crp.o ./driver/debug_printf.o ./driver/gpio.o ./driver/i2c.o ./driver/i2cslave.o ./driver/lpc_swu.o ./driver/rs485.o ./driver/small_gpio.o ./driver/ssp.o ./driver/timer32.o ./driver/uart.o ./driver/wdt.o  ./src/cr_startup_lpc11xx.d ./src/crp.d ./src/main.d  ./driver/adc.d ./driver/clkconfig.d ./driver/crp.d ./driver/debug_printf.d ./driver/gpio.d ./driver/i2c.d ./driver/i2cslave.d ./driver/lpc_swu.d ./driver/rs485.d ./driver/small_gpio.d ./driver/ssp.d ./driver/timer32.d ./driver/uart.d ./driver/wdt.d  lab_3.axf
 
14:28:31 **** Build of configuration Debug for project CMSIS_CORE_LPC11xx ****
make -r all 
Building file: ../src/system_LPC11xx.c
Invoking: MCU C Compiler
arm-none-eabi-gcc -D__REDLIB__ -DDEBUG -D__CODE_RED -D__USE_CMSIS=CMSIS_CORE_LPC11xx -I"C:\Users\dell\Documents\GitHub\DDL\workspace_AA\CMSIS_CORE_LPC11xx\inc" -Os -g3 -Wall -c -fmessage-length=0 -fno-builtin -ffunction-sections -fdata-sections -mcpu=cortex-m0 -mthumb -D__REDLIB__ -specs=redlib.specs -MMD -MP -MF"src/system_LPC11xx.d" -MT"src/system_LPC11xx.o" -MT"src/system_LPC11xx.d" -o "src/system_LPC11xx.o" "../src/system_LPC11xx.c"
Finished building: ../src/system_LPC11xx.c
 
Building target: libCMSIS_CORE_LPC11xx.a
Invoking: MCU Archiver
arm-none-eabi-ar -r  "libCMSIS_CORE_LPC11xx.a"  ./src/system_LPC11xx.o   
c:\nxp\LPCXpresso_8.2.2_650\lpcxpresso\tools\bin\arm-none-eabi-ar.exe: creating libCMSIS_CORE_LPC11xx.a
Finished building target: libCMSIS_CORE_LPC11xx.a
 
make --no-print-directory post-build
Performing post-build steps
arm-none-eabi-size "libCMSIS_CORE_LPC11xx.a" ; # arm-none-eabi-objdump -h -S "libCMSIS_CORE_LPC11xx.a" >"libCMSIS_CORE_LPC11xx.lss"
   text	   data	    bss	    dec	    hex	filename
    388	      4	      0	    392	    188	system_LPC11xx.o (ex libCMSIS_CORE_LPC11xx.a)
 
14:28:32 **** Clean-only build of configuration Debug for project lab_3 ****
make -r clean 
rm -rf  ./src/cr_startup_lpc11xx.o ./src/crp.o ./src/main.o  ./driver/adc.o ./driver/clkconfig.o ./driver/crp.o ./driver/debug_printf.o ./driver/gpio.o ./driver/i2c.o ./driver/i2cslave.o ./driver/lpc_swu.o ./driver/rs485.o ./driver/small_gpio.o ./driver/ssp.o ./driver/timer32.o ./driver/uart.o ./driver/wdt.o  ./src/cr_startup_lpc11xx.d ./src/crp.d ./src/main.d  ./driver/adc.d ./driver/clkconfig.d ./driver/crp.d ./driver/debug_printf.d ./driver/gpio.d ./driver/i2c.d ./driver/i2cslave.d ./driver/lpc_swu.d ./driver/rs485.d ./driver/small_gpio.d ./driver/ssp.d ./driver/timer32.d ./driver/uart.d ./driver/wdt.d  lab_3.axf
 
14:28:33 **** Build of configuration Debug for project lab_3 ****
make -r all 
Building file: ../src/cr_startup_lpc11xx.c
Invoking: MCU C Compiler
arm-none-eabi-gcc -DDEBUG -D__CODE_RED -DCORE_M0 -D__USE_CMSIS=CMSIS_CORE_LPC11xx -D__LPC11XX__ -D__REDLIB__ -I"C:\Users\dell\Documents\GitHub\DDL\workspace_AA\lab_3\inc" -I"C:\Users\dell\Documents\GitHub\DDL\workspace_AA\CMSIS_CORE_LPC11xx\inc" -O0 -fno-common -g3 -Wall -c -fmessage-length=0 -fno-builtin -ffunction-sections -fdata-sections -mcpu=cortex-m0 -mthumb -specs=redlib.specs -MMD -MP -MF"src/cr_startup_lpc11xx.d" -MT"src/cr_startup_lpc11xx.o" -MT"src/cr_startup_lpc11xx.d" -o "src/cr_startup_lpc11xx.o" "../src/cr_startup_lpc11xx.c"
Finished building: ../src/cr_startup_lpc11xx.c
 
Building file: ../src/crp.c
Invoking: MCU C Compiler
arm-none-eabi-gcc -DDEBUG -D__CODE_RED -DCORE_M0 -D__USE_CMSIS=CMSIS_CORE_LPC11xx -D__LPC11XX__ -D__REDLIB__ -I"C:\Users\dell\Documents\GitHub\DDL\workspace_AA\lab_3\inc" -I"C:\Users\dell\Documents\GitHub\DDL\workspace_AA\CMSIS_CORE_LPC11xx\inc" -O0 -fno-common -g3 -Wall -c -fmessage-length=0 -fno-builtin -ffunction-sections -fdata-sections -mcpu=cortex-m0 -mthumb -specs=redlib.specs -MMD -MP -MF"src/crp.d" -MT"src/crp.o" -MT"src/crp.d" -o "src/crp.o" "../src/crp.c"
Finished building: ../src/crp.c
 
Building file: ../src/main.c
Invoking: MCU C Compiler
arm-none-eabi-gcc -DDEBUG -D__CODE_RED -DCORE_M0 -D__USE_CMSIS=CMSIS_CORE_LPC11xx -D__LPC11XX__ -D__REDLIB__ -I"C:\Users\dell\Documents\GitHub\DDL\workspace_AA\lab_3\inc" -I"C:\Users\dell\Documents\GitHub\DDL\workspace_AA\CMSIS_CORE_LPC11xx\inc" -O0 -fno-common -g3 -Wall -c -fmessage-length=0 -fno-builtin -ffunction-sections -fdata-sections -mcpu=cortex-m0 -mthumb -specs=redlib.specs -MMD -MP -MF"src/main.d" -MT"src/main.o" -MT"src/main.d" -o "src/main.o" "../src/main.c"
../src/main.c:18:27: fatal error: driver_config.h: No such file or directory
compilation terminated.
make: *** [src/main.o] Error 1
14:30:49 **** Incremental Build of configuration Debug for project CMSIS_CORE_LPC11xx ****
make -r all 
make: Nothing to be done for `all'.
14:30:50 **** Clean-only build of configuration Debug for project lab_3 ****
make -r clean 
rm -rf  ./src/cr_startup_lpc11xx.o ./src/crp.o ./src/main.o  ./driver/adc.o ./driver/clkconfig.o ./driver/crp.o ./driver/debug_printf.o ./driver/gpio.o ./driver/i2c.o ./driver/i2cslave.o ./driver/lpc_swu.o ./driver/rs485.o ./driver/small_gpio.o ./driver/ssp.o ./driver/timer32.o ./driver/uart.o ./driver/wdt.o  ./src/cr_startup_lpc11xx.d ./src/crp.d ./src/main.d  ./driver/adc.d ./driver/clkconfig.d ./driver/crp.d ./driver/debug_printf.d ./driver/gpio.d ./driver/i2c.d ./driver/i2cslave.d ./driver/lpc_swu.d ./driver/rs485.d ./driver/small_gpio.d ./driver/ssp.d ./driver/timer32.d ./driver/uart.d ./driver/wdt.d  lab_3.axf
 
14:30:51 **** Incremental Build of configuration Debug for project lab_3 ****
make -r all 
Building file: ../src/cr_startup_lpc11xx.c
Invoking: MCU C Compiler
arm-none-eabi-gcc -DDEBUG -D__CODE_RED -DCORE_M0 -D__USE_CMSIS=CMSIS_CORE_LPC11xx -D__LPC11XX__ -D__REDLIB__ -I"C:\Users\dell\Documents\GitHub\DDL\workspace_AA\lab_3\inc" -I"C:\Users\dell\Documents\GitHub\DDL\workspace_AA\CMSIS_CORE_LPC11xx\inc" -O0 -fno-common -g3 -Wall -c -fmessage-length=0 -fno-builtin -ffunction-sections -fdata-sections -mcpu=cortex-m0 -mthumb -specs=redlib.specs -MMD -MP -MF"src/cr_startup_lpc11xx.d" -MT"src/cr_startup_lpc11xx.o" -MT"src/cr_startup_lpc11xx.d" -o "src/cr_startup_lpc11xx.o" "../src/cr_startup_lpc11xx.c"
Finished building: ../src/cr_startup_lpc11xx.c
 
Building file: ../src/crp.c
Invoking: MCU C Compiler
arm-none-eabi-gcc -DDEBUG -D__CODE_RED -DCORE_M0 -D__USE_CMSIS=CMSIS_CORE_LPC11xx -D__LPC11XX__ -D__REDLIB__ -I"C:\Users\dell\Documents\GitHub\DDL\workspace_AA\lab_3\inc" -I"C:\Users\dell\Documents\GitHub\DDL\workspace_AA\CMSIS_CORE_LPC11xx\inc" -O0 -fno-common -g3 -Wall -c -fmessage-length=0 -fno-builtin -ffunction-sections -fdata-sections -mcpu=cortex-m0 -mthumb -specs=redlib.specs -MMD -MP -MF"src/crp.d" -MT"src/crp.o" -MT"src/crp.d" -o "src/crp.o" "../src/crp.c"
Finished building: ../src/crp.c
 
Building file: ../src/main.c
Invoking: MCU C Compiler
arm-none-eabi-gcc -DDEBUG -D__CODE_RED -DCORE_M0 -D__USE_CMSIS=CMSIS_CORE_LPC11xx -D__LPC11XX__ -D__REDLIB__ -I"C:\Users\dell\Documents\GitHub\DDL\workspace_AA\lab_3\inc" -I"C:\Users\dell\Documents\GitHub\DDL\workspace_AA\CMSIS_CORE_LPC11xx\inc" -O0 -fno-common -g3 -Wall -c -fmessage-length=0 -fno-builtin -ffunction-sections -fdata-sections -mcpu=cortex-m0 -mthumb -specs=redlib.specs -MMD -MP -MF"src/main.d" -MT"src/main.o" -MT"src/main.d" -o "src/main.o" "../src/main.c"
../src/main.c:18:27: fatal error: driver_config.h: No such file or directory
compilation terminated.
make: *** [src/main.o] Error 1
