14:30:51 **** Incremental Build of configuration Debug for project lab_3 ****
make -r all 
Building file: ../src/cr_startup_lpc11xx.c
Invoking: MCU C Compiler
arm-none-eabi-gcc -DDEBUG -D__CODE_RED -DCORE_M0 -D__USE_CMSIS=CMSIS_CORE_LPC11xx -D__LPC11XX__ -D__REDLIB__ -I"C:\Users\dell\Documents\GitHub\DDL\workspace_AA\lab_3\inc" -I"C:\Users\dell\Documents\GitHub\DDL\workspace_AA\CMSIS_CORE_LPC11xx\inc" -O0 -fno-common -g3 -Wall -c -fmessage-length=0 -fno-builtin -ffunction-sections -fdata-sections -mcpu=cortex-m0 -mthumb -specs=redlib.specs -MMD -MP -MF"src/cr_startup_lpc11xx.d" -MT"src/cr_startup_lpc11xx.o" -MT"src/cr_startup_lpc11xx.d" -o "src/cr_startup_lpc11xx.o" "../src/cr_startup_lpc11xx.c"
Finished building: ../src/cr_startup_lpc11xx.c
 
Building file: ../src/crp.c
Invoking: MCU C Compiler
arm-none-eabi-gcc -DDEBUG -D__CODE_RED -DCORE_M0 -D__USE_CMSIS=CMSIS_CORE_LPC11xx -D__LPC11XX__ -D__REDLIB__ -I"C:\Users\dell\Documents\GitHub\DDL\workspace_AA\lab_3\inc" -I"C:\Users\dell\Documents\GitHub\DDL\workspace_AA\CMSIS_CORE_LPC11xx\inc" -O0 -fno-common -g3 -Wall -c -fmessage-length=0 -fno-builtin -ffunction-sections -fdata-sections -mcpu=cortex-m0 -mthumb -specs=redlib.specs -MMD -MP -MF"src/crp.d" -MT"src/crp.o" -MT"src/crp.d" -o "src/crp.o" "../src/crp.c"
Finished building: ../src/crp.c
 
Building file: ../src/main.c
Invoking: MCU C Compiler
arm-none-eabi-gcc -DDEBUG -D__CODE_RED -DCORE_M0 -D__USE_CMSIS=CMSIS_CORE_LPC11xx -D__LPC11XX__ -D__REDLIB__ -I"C:\Users\dell\Documents\GitHub\DDL\workspace_AA\lab_3\inc" -I"C:\Users\dell\Documents\GitHub\DDL\workspace_AA\CMSIS_CORE_LPC11xx\inc" -O0 -fno-common -g3 -Wall -c -fmessage-length=0 -fno-builtin -ffunction-sections -fdata-sections -mcpu=cortex-m0 -mthumb -specs=redlib.specs -MMD -MP -MF"src/main.d" -MT"src/main.o" -MT"src/main.d" -o "src/main.o" "../src/main.c"
../src/main.c:18:27: fatal error: driver_config.h: No such file or directory
compilation terminated.
make: *** [src/main.o] Error 1

14:30:52 Build Finished (took 756ms)

